Compilation failed:
    source file: '/Users/huaweichang/Downloads/opencv-4.5.2/cmake/checks/cpu_popcnt.cpp'
    check option: ''
===== BUILD LOG =====
Change Dir: /Users/huaweichang/Downloads/opencv-4.5.2/cmake-build-debug/CMakeFiles/CMakeTmp

Run Build Command(s):/usr/bin/make -f Makefile cmTC_45585/fast && /Applications/Xcode10.app/Contents/Developer/usr/bin/make  -f CMakeFiles/cmTC_45585.dir/build.make CMakeFiles/cmTC_45585.dir/build
Building CXX object CMakeFiles/cmTC_45585.dir/cpu_popcnt.cpp.o
/Applications/Xcode10.app/Contents/Developer/Toolchains/XcodeDefault.xctoolchain/usr/bin/c++   -g -fPIE -std=c++11 -MD -MT CMakeFiles/cmTC_45585.dir/cpu_popcnt.cpp.o -MF CMakeFiles/cmTC_45585.dir/cpu_popcnt.cpp.o.d -o CMakeFiles/cmTC_45585.dir/cpu_popcnt.cpp.o -c /Users/huaweichang/Downloads/opencv-4.5.2/cmake/checks/cpu_popcnt.cpp
/Users/huaweichang/Downloads/opencv-4.5.2/cmake/checks/cpu_popcnt.cpp:14:4: error: "__POPCNT__ is not defined by compiler"
#  error "__POPCNT__ is not defined by compiler"
   ^
/Users/huaweichang/Downloads/opencv-4.5.2/cmake/checks/cpu_popcnt.cpp:22:13: error: use of undeclared identifier 'CV_POPCNT_U32'
    int j = CV_POPCNT_U32(1);
            ^
2 errors generated.
make[1]: *** [CMakeFiles/cmTC_45585.dir/cpu_popcnt.cpp.o] Error 1
make: *** [cmTC_45585/fast] Error 2


===== END =====

Compilation failed:
    source file: '/Users/huaweichang/Downloads/opencv-4.5.2/cmake/checks/cpu_sse42.cpp'
    check option: ''
===== BUILD LOG =====
Change Dir: /Users/huaweichang/Downloads/opencv-4.5.2/cmake-build-debug/CMakeFiles/CMakeTmp

Run Build Command(s):/usr/bin/make -f Makefile cmTC_12e9f/fast && /Applications/Xcode10.app/Contents/Developer/usr/bin/make  -f CMakeFiles/cmTC_12e9f.dir/build.make CMakeFiles/cmTC_12e9f.dir/build
Building CXX object CMakeFiles/cmTC_12e9f.dir/cpu_sse42.cpp.o
/Applications/Xcode10.app/Contents/Developer/Toolchains/XcodeDefault.xctoolchain/usr/bin/c++   -g -fPIE -std=c++11 -MD -MT CMakeFiles/cmTC_12e9f.dir/cpu_sse42.cpp.o -MF CMakeFiles/cmTC_12e9f.dir/cpu_sse42.cpp.o.d -o CMakeFiles/cmTC_12e9f.dir/cpu_sse42.cpp.o -c /Users/huaweichang/Downloads/opencv-4.5.2/cmake/checks/cpu_sse42.cpp
/Users/huaweichang/Downloads/opencv-4.5.2/cmake/checks/cpu_sse42.cpp:5:24: error: always_inline function '_mm_crc32_u8' requires target feature 'sse4.2', but would be inlined into function 'main' that is compiled without support for 'sse4.2'
    unsigned int res = _mm_crc32_u8(1, 2);
                       ^
1 error generated.
make[1]: *** [CMakeFiles/cmTC_12e9f.dir/cpu_sse42.cpp.o] Error 1
make: *** [cmTC_12e9f/fast] Error 2


===== END =====

Compilation failed:
    source file: '/Users/huaweichang/Downloads/opencv-4.5.2/cmake/checks/cpu_fp16.cpp'
    check option: ''
===== BUILD LOG =====
Change Dir: /Users/huaweichang/Downloads/opencv-4.5.2/cmake-build-debug/CMakeFiles/CMakeTmp

Run Build Command(s):/usr/bin/make -f Makefile cmTC_61651/fast && /Applications/Xcode10.app/Contents/Developer/usr/bin/make  -f CMakeFiles/cmTC_61651.dir/build.make CMakeFiles/cmTC_61651.dir/build
Building CXX object CMakeFiles/cmTC_61651.dir/cpu_fp16.cpp.o
/Applications/Xcode10.app/Contents/Developer/Toolchains/XcodeDefault.xctoolchain/usr/bin/c++   -g -fPIE -std=c++11 -MD -MT CMakeFiles/cmTC_61651.dir/cpu_fp16.cpp.o -MF CMakeFiles/cmTC_61651.dir/cpu_fp16.cpp.o.d -o CMakeFiles/cmTC_61651.dir/cpu_fp16.cpp.o -c /Users/huaweichang/Downloads/opencv-4.5.2/cmake/checks/cpu_fp16.cpp
/Users/huaweichang/Downloads/opencv-4.5.2/cmake/checks/cpu_fp16.cpp:26:2: error: "FP16 is not supported"
#error "FP16 is not supported"
 ^
/Users/huaweichang/Downloads/opencv-4.5.2/cmake/checks/cpu_fp16.cpp:31:18: error: use of undeclared identifier 'test'
  printf("%d\n", test());
                 ^
2 errors generated.
make[1]: *** [CMakeFiles/cmTC_61651.dir/cpu_fp16.cpp.o] Error 1
make: *** [cmTC_61651/fast] Error 2


===== END =====

Compilation failed:
    source file: '/Users/huaweichang/Downloads/opencv-4.5.2/cmake/checks/cpu_avx.cpp'
    check option: ''
===== BUILD LOG =====
Change Dir: /Users/huaweichang/Downloads/opencv-4.5.2/cmake-build-debug/CMakeFiles/CMakeTmp

Run Build Command(s):/usr/bin/make -f Makefile cmTC_1b52f/fast && /Applications/Xcode10.app/Contents/Developer/usr/bin/make  -f CMakeFiles/cmTC_1b52f.dir/build.make CMakeFiles/cmTC_1b52f.dir/build
Building CXX object CMakeFiles/cmTC_1b52f.dir/cpu_avx.cpp.o
/Applications/Xcode10.app/Contents/Developer/Toolchains/XcodeDefault.xctoolchain/usr/bin/c++   -g -fPIE -std=c++11 -MD -MT CMakeFiles/cmTC_1b52f.dir/cpu_avx.cpp.o -MF CMakeFiles/cmTC_1b52f.dir/cpu_avx.cpp.o.d -o CMakeFiles/cmTC_1b52f.dir/cpu_avx.cpp.o -c /Users/huaweichang/Downloads/opencv-4.5.2/cmake/checks/cpu_avx.cpp
/Users/huaweichang/Downloads/opencv-4.5.2/cmake/checks/cpu_avx.cpp:2:2: error: "__AVX__ define is missing"
#error "__AVX__ define is missing"
 ^
1 error generated.
make[1]: *** [CMakeFiles/cmTC_1b52f.dir/cpu_avx.cpp.o] Error 1
make: *** [cmTC_1b52f/fast] Error 2


===== END =====

Compilation failed:
    source file: '/Users/huaweichang/Downloads/opencv-4.5.2/cmake/checks/cpu_avx2.cpp'
    check option: ''
===== BUILD LOG =====
Change Dir: /Users/huaweichang/Downloads/opencv-4.5.2/cmake-build-debug/CMakeFiles/CMakeTmp

Run Build Command(s):/usr/bin/make -f Makefile cmTC_90b69/fast && /Applications/Xcode10.app/Contents/Developer/usr/bin/make  -f CMakeFiles/cmTC_90b69.dir/build.make CMakeFiles/cmTC_90b69.dir/build
Building CXX object CMakeFiles/cmTC_90b69.dir/cpu_avx2.cpp.o
/Applications/Xcode10.app/Contents/Developer/Toolchains/XcodeDefault.xctoolchain/usr/bin/c++   -g -fPIE -std=c++11 -MD -MT CMakeFiles/cmTC_90b69.dir/cpu_avx2.cpp.o -MF CMakeFiles/cmTC_90b69.dir/cpu_avx2.cpp.o.d -o CMakeFiles/cmTC_90b69.dir/cpu_avx2.cpp.o -c /Users/huaweichang/Downloads/opencv-4.5.2/cmake/checks/cpu_avx2.cpp
/Users/huaweichang/Downloads/opencv-4.5.2/cmake/checks/cpu_avx2.cpp:2:2: error: "__AVX2__ define is missing"
#error "__AVX2__ define is missing"
 ^
1 error generated.
make[1]: *** [CMakeFiles/cmTC_90b69.dir/cpu_avx2.cpp.o] Error 1
make: *** [cmTC_90b69/fast] Error 2


===== END =====

Compilation failed:
    source file: '/Users/huaweichang/Downloads/opencv-4.5.2/cmake/checks/cpu_avx512.cpp'
    check option: ''
===== BUILD LOG =====
Change Dir: /Users/huaweichang/Downloads/opencv-4.5.2/cmake-build-debug/CMakeFiles/CMakeTmp

Run Build Command(s):/usr/bin/make -f Makefile cmTC_8fe0f/fast && /Applications/Xcode10.app/Contents/Developer/usr/bin/make  -f CMakeFiles/cmTC_8fe0f.dir/build.make CMakeFiles/cmTC_8fe0f.dir/build
Building CXX object CMakeFiles/cmTC_8fe0f.dir/cpu_avx512.cpp.o
/Applications/Xcode10.app/Contents/Developer/Toolchains/XcodeDefault.xctoolchain/usr/bin/c++   -g -fPIE -std=c++11 -MD -MT CMakeFiles/cmTC_8fe0f.dir/cpu_avx512.cpp.o -MF CMakeFiles/cmTC_8fe0f.dir/cpu_avx512.cpp.o.d -o CMakeFiles/cmTC_8fe0f.dir/cpu_avx512.cpp.o -c /Users/huaweichang/Downloads/opencv-4.5.2/cmake/checks/cpu_avx512.cpp
/Users/huaweichang/Downloads/opencv-4.5.2/cmake/checks/cpu_avx512.cpp:11:2: error: "AVX512 is not supported"
#error "AVX512 is not supported"
 ^
1 error generated.
make[1]: *** [CMakeFiles/cmTC_8fe0f.dir/cpu_avx512.cpp.o] Error 1
make: *** [cmTC_8fe0f/fast] Error 2


===== END =====

Compilation failed:
    source file: '/Users/huaweichang/Downloads/opencv-4.5.2/cmake/checks/cpu_avx512common.cpp'
    check option: ''
===== BUILD LOG =====
Change Dir: /Users/huaweichang/Downloads/opencv-4.5.2/cmake-build-debug/CMakeFiles/CMakeTmp

Run Build Command(s):/usr/bin/make -f Makefile cmTC_9f041/fast && /Applications/Xcode10.app/Contents/Developer/usr/bin/make  -f CMakeFiles/cmTC_9f041.dir/build.make CMakeFiles/cmTC_9f041.dir/build
Building CXX object CMakeFiles/cmTC_9f041.dir/cpu_avx512common.cpp.o
/Applications/Xcode10.app/Contents/Developer/Toolchains/XcodeDefault.xctoolchain/usr/bin/c++   -g -fPIE -std=c++11 -MD -MT CMakeFiles/cmTC_9f041.dir/cpu_avx512common.cpp.o -MF CMakeFiles/cmTC_9f041.dir/cpu_avx512common.cpp.o.d -o CMakeFiles/cmTC_9f041.dir/cpu_avx512common.cpp.o -c /Users/huaweichang/Downloads/opencv-4.5.2/cmake/checks/cpu_avx512common.cpp
/Users/huaweichang/Downloads/opencv-4.5.2/cmake/checks/cpu_avx512common.cpp:12:2: error: "AVX512-COMMON is not supported"
#error "AVX512-COMMON is not supported"
 ^
1 error generated.
make[1]: *** [CMakeFiles/cmTC_9f041.dir/cpu_avx512common.cpp.o] Error 1
make: *** [cmTC_9f041/fast] Error 2


===== END =====

Compilation failed:
    source file: '/Users/huaweichang/Downloads/opencv-4.5.2/cmake/checks/cpu_avx512knl.cpp'
    check option: ''
===== BUILD LOG =====
Change Dir: /Users/huaweichang/Downloads/opencv-4.5.2/cmake-build-debug/CMakeFiles/CMakeTmp

Run Build Command(s):/usr/bin/make -f Makefile cmTC_e6a83/fast && /Applications/Xcode10.app/Contents/Developer/usr/bin/make  -f CMakeFiles/cmTC_e6a83.dir/build.make CMakeFiles/cmTC_e6a83.dir/build
Building CXX object CMakeFiles/cmTC_e6a83.dir/cpu_avx512knl.cpp.o
/Applications/Xcode10.app/Contents/Developer/Toolchains/XcodeDefault.xctoolchain/usr/bin/c++   -g -fPIE -std=c++11 -MD -MT CMakeFiles/cmTC_e6a83.dir/cpu_avx512knl.cpp.o -MF CMakeFiles/cmTC_e6a83.dir/cpu_avx512knl.cpp.o.d -o CMakeFiles/cmTC_e6a83.dir/cpu_avx512knl.cpp.o -c /Users/huaweichang/Downloads/opencv-4.5.2/cmake/checks/cpu_avx512knl.cpp
/Users/huaweichang/Downloads/opencv-4.5.2/cmake/checks/cpu_avx512knl.cpp:14:2: error: "AVX512-KNL is not supported"
#error "AVX512-KNL is not supported"
 ^
1 error generated.
make[1]: *** [CMakeFiles/cmTC_e6a83.dir/cpu_avx512knl.cpp.o] Error 1
make: *** [cmTC_e6a83/fast] Error 2


===== END =====

Compilation failed:
    source file: '/Users/huaweichang/Downloads/opencv-4.5.2/cmake/checks/cpu_avx512knm.cpp'
    check option: ''
===== BUILD LOG =====
Change Dir: /Users/huaweichang/Downloads/opencv-4.5.2/cmake-build-debug/CMakeFiles/CMakeTmp

Run Build Command(s):/usr/bin/make -f Makefile cmTC_e6d03/fast && /Applications/Xcode10.app/Contents/Developer/usr/bin/make  -f CMakeFiles/cmTC_e6d03.dir/build.make CMakeFiles/cmTC_e6d03.dir/build
Building CXX object CMakeFiles/cmTC_e6d03.dir/cpu_avx512knm.cpp.o
/Applications/Xcode10.app/Contents/Developer/Toolchains/XcodeDefault.xctoolchain/usr/bin/c++   -g -fPIE -std=c++11 -MD -MT CMakeFiles/cmTC_e6d03.dir/cpu_avx512knm.cpp.o -MF CMakeFiles/cmTC_e6d03.dir/cpu_avx512knm.cpp.o.d -o CMakeFiles/cmTC_e6d03.dir/cpu_avx512knm.cpp.o -c /Users/huaweichang/Downloads/opencv-4.5.2/cmake/checks/cpu_avx512knm.cpp
/Users/huaweichang/Downloads/opencv-4.5.2/cmake/checks/cpu_avx512knm.cpp:15:2: error: "AVX512-KNM is not supported"
#error "AVX512-KNM is not supported"
 ^
1 error generated.
make[1]: *** [CMakeFiles/cmTC_e6d03.dir/cpu_avx512knm.cpp.o] Error 1
make: *** [cmTC_e6d03/fast] Error 2


===== END =====

Compilation failed:
    source file: '/Users/huaweichang/Downloads/opencv-4.5.2/cmake/checks/cpu_avx512knm.cpp'
    check option: ' -mavx512f -mavx512cd -mavx512er -mavx512pf -mavx5124fmaps -mavx5124vnniw -mavx512vpopcntdq'
===== BUILD LOG =====
Change Dir: /Users/huaweichang/Downloads/opencv-4.5.2/cmake-build-debug/CMakeFiles/CMakeTmp

Run Build Command(s):/usr/bin/make -f Makefile cmTC_e86fb/fast && /Applications/Xcode10.app/Contents/Developer/usr/bin/make  -f CMakeFiles/cmTC_e86fb.dir/build.make CMakeFiles/cmTC_e86fb.dir/build
Building CXX object CMakeFiles/cmTC_e86fb.dir/cpu_avx512knm.cpp.o
/Applications/Xcode10.app/Contents/Developer/Toolchains/XcodeDefault.xctoolchain/usr/bin/c++   -g -fPIE    -mavx512f -mavx512cd -mavx512er -mavx512pf -mavx5124fmaps -mavx5124vnniw -mavx512vpopcntdq -std=c++11 -MD -MT CMakeFiles/cmTC_e86fb.dir/cpu_avx512knm.cpp.o -MF CMakeFiles/cmTC_e86fb.dir/cpu_avx512knm.cpp.o.d -o CMakeFiles/cmTC_e86fb.dir/cpu_avx512knm.cpp.o -c /Users/huaweichang/Downloads/opencv-4.5.2/cmake/checks/cpu_avx512knm.cpp
clang: error: unknown argument: '-mavx5124fmaps'
clang: error: unknown argument: '-mavx5124vnniw'
make[1]: *** [CMakeFiles/cmTC_e86fb.dir/cpu_avx512knm.cpp.o] Error 1
make: *** [cmTC_e86fb/fast] Error 2


===== END =====

Compilation failed:
    source file: '/Users/huaweichang/Downloads/opencv-4.5.2/cmake/checks/cpu_avx512skx.cpp'
    check option: ''
===== BUILD LOG =====
Change Dir: /Users/huaweichang/Downloads/opencv-4.5.2/cmake-build-debug/CMakeFiles/CMakeTmp

Run Build Command(s):/usr/bin/make -f Makefile cmTC_cf0d5/fast && /Applications/Xcode10.app/Contents/Developer/usr/bin/make  -f CMakeFiles/cmTC_cf0d5.dir/build.make CMakeFiles/cmTC_cf0d5.dir/build
Building CXX object CMakeFiles/cmTC_cf0d5.dir/cpu_avx512skx.cpp.o
/Applications/Xcode10.app/Contents/Developer/Toolchains/XcodeDefault.xctoolchain/usr/bin/c++   -g -fPIE -std=c++11 -MD -MT CMakeFiles/cmTC_cf0d5.dir/cpu_avx512skx.cpp.o -MF CMakeFiles/cmTC_cf0d5.dir/cpu_avx512skx.cpp.o.d -o CMakeFiles/cmTC_cf0d5.dir/cpu_avx512skx.cpp.o -c /Users/huaweichang/Downloads/opencv-4.5.2/cmake/checks/cpu_avx512skx.cpp
/Users/huaweichang/Downloads/opencv-4.5.2/cmake/checks/cpu_avx512skx.cpp:30:2: error: "AVX512-SKX is not supported"
#error "AVX512-SKX is not supported"
 ^
1 error generated.
make[1]: *** [CMakeFiles/cmTC_cf0d5.dir/cpu_avx512skx.cpp.o] Error 1
make: *** [cmTC_cf0d5/fast] Error 2


===== END =====

Compilation failed:
    source file: '/Users/huaweichang/Downloads/opencv-4.5.2/cmake/checks/cpu_avx512cnl.cpp'
    check option: ''
===== BUILD LOG =====
Change Dir: /Users/huaweichang/Downloads/opencv-4.5.2/cmake-build-debug/CMakeFiles/CMakeTmp

Run Build Command(s):/usr/bin/make -f Makefile cmTC_d09ce/fast && /Applications/Xcode10.app/Contents/Developer/usr/bin/make  -f CMakeFiles/cmTC_d09ce.dir/build.make CMakeFiles/cmTC_d09ce.dir/build
Building CXX object CMakeFiles/cmTC_d09ce.dir/cpu_avx512cnl.cpp.o
/Applications/Xcode10.app/Contents/Developer/Toolchains/XcodeDefault.xctoolchain/usr/bin/c++   -g -fPIE -std=c++11 -MD -MT CMakeFiles/cmTC_d09ce.dir/cpu_avx512cnl.cpp.o -MF CMakeFiles/cmTC_d09ce.dir/cpu_avx512cnl.cpp.o.d -o CMakeFiles/cmTC_d09ce.dir/cpu_avx512cnl.cpp.o -c /Users/huaweichang/Downloads/opencv-4.5.2/cmake/checks/cpu_avx512cnl.cpp
/Users/huaweichang/Downloads/opencv-4.5.2/cmake/checks/cpu_avx512cnl.cpp:10:2: error: "AVX512-CNL is not supported"
#error "AVX512-CNL is not supported"
 ^
1 error generated.
make[1]: *** [CMakeFiles/cmTC_d09ce.dir/cpu_avx512cnl.cpp.o] Error 1
make: *** [cmTC_d09ce/fast] Error 2


===== END =====

Compilation failed:
    source file: '/Users/huaweichang/Downloads/opencv-4.5.2/cmake/checks/cpu_avx512clx.cpp'
    check option: ''
===== BUILD LOG =====
Change Dir: /Users/huaweichang/Downloads/opencv-4.5.2/cmake-build-debug/CMakeFiles/CMakeTmp

Run Build Command(s):/usr/bin/make -f Makefile cmTC_f95e9/fast && /Applications/Xcode10.app/Contents/Developer/usr/bin/make  -f CMakeFiles/cmTC_f95e9.dir/build.make CMakeFiles/cmTC_f95e9.dir/build
Building CXX object CMakeFiles/cmTC_f95e9.dir/cpu_avx512clx.cpp.o
/Applications/Xcode10.app/Contents/Developer/Toolchains/XcodeDefault.xctoolchain/usr/bin/c++   -g -fPIE -std=c++11 -MD -MT CMakeFiles/cmTC_f95e9.dir/cpu_avx512clx.cpp.o -MF CMakeFiles/cmTC_f95e9.dir/cpu_avx512clx.cpp.o.d -o CMakeFiles/cmTC_f95e9.dir/cpu_avx512clx.cpp.o -c /Users/huaweichang/Downloads/opencv-4.5.2/cmake/checks/cpu_avx512clx.cpp
/Users/huaweichang/Downloads/opencv-4.5.2/cmake/checks/cpu_avx512clx.cpp:9:2: error: "AVX512-CLX is not supported"
#error "AVX512-CLX is not supported"
 ^
1 error generated.
make[1]: *** [CMakeFiles/cmTC_f95e9.dir/cpu_avx512clx.cpp.o] Error 1
make: *** [cmTC_f95e9/fast] Error 2


===== END =====

Compilation failed:
    source file: '/Users/huaweichang/Downloads/opencv-4.5.2/cmake/checks/cpu_avx512icl.cpp'
    check option: ''
===== BUILD LOG =====
Change Dir: /Users/huaweichang/Downloads/opencv-4.5.2/cmake-build-debug/CMakeFiles/CMakeTmp

Run Build Command(s):/usr/bin/make -f Makefile cmTC_e9243/fast && /Applications/Xcode10.app/Contents/Developer/usr/bin/make  -f CMakeFiles/cmTC_e9243.dir/build.make CMakeFiles/cmTC_e9243.dir/build
Building CXX object CMakeFiles/cmTC_e9243.dir/cpu_avx512icl.cpp.o
/Applications/Xcode10.app/Contents/Developer/Toolchains/XcodeDefault.xctoolchain/usr/bin/c++   -g -fPIE -std=c++11 -MD -MT CMakeFiles/cmTC_e9243.dir/cpu_avx512icl.cpp.o -MF CMakeFiles/cmTC_e9243.dir/cpu_avx512icl.cpp.o.d -o CMakeFiles/cmTC_e9243.dir/cpu_avx512icl.cpp.o -c /Users/huaweichang/Downloads/opencv-4.5.2/cmake/checks/cpu_avx512icl.cpp
/Users/huaweichang/Downloads/opencv-4.5.2/cmake/checks/cpu_avx512icl.cpp:12:2: error: "AVX512-ICL is not supported"
#error "AVX512-ICL is not supported"
 ^
1 error generated.
make[1]: *** [CMakeFiles/cmTC_e9243.dir/cpu_avx512icl.cpp.o] Error 1
make: *** [cmTC_e9243/fast] Error 2


===== END =====

Compilation failed:
    source file: '/Users/huaweichang/Downloads/opencv-4.5.2/cmake-build-debug/CMakeFiles/CMakeTmp/src.cxx'
    check option: ''
===== BUILD LOG =====
Change Dir: /Users/huaweichang/Downloads/opencv-4.5.2/cmake-build-debug/CMakeFiles/CMakeTmp

Run Build Command(s):/usr/bin/make -f Makefile cmTC_8c6a5/fast && /Applications/Xcode10.app/Contents/Developer/usr/bin/make  -f CMakeFiles/cmTC_8c6a5.dir/build.make CMakeFiles/cmTC_8c6a5.dir/build
Building CXX object CMakeFiles/cmTC_8c6a5.dir/src.cxx.o
/Applications/Xcode10.app/Contents/Developer/Toolchains/XcodeDefault.xctoolchain/usr/bin/c++   -g -fPIE -std=c++11 -MD -MT CMakeFiles/cmTC_8c6a5.dir/src.cxx.o -MF CMakeFiles/cmTC_8c6a5.dir/src.cxx.o.d -o CMakeFiles/cmTC_8c6a5.dir/src.cxx.o -c /Users/huaweichang/Downloads/opencv-4.5.2/cmake-build-debug/CMakeFiles/CMakeTmp/src.cxx
Linking CXX executable cmTC_8c6a5
/Applications/CMake.app/Contents/bin/cmake -E cmake_link_script CMakeFiles/cmTC_8c6a5.dir/link.txt --verbose=1
/Applications/Xcode10.app/Contents/Developer/Toolchains/XcodeDefault.xctoolchain/usr/bin/c++ -g -Wl,-search_paths_first -Wl,-headerpad_max_install_names  -Wl,--as-needed  CMakeFiles/cmTC_8c6a5.dir/src.cxx.o -o cmTC_8c6a5 
ld: unknown option: --as-needed
clang: error: linker command failed with exit code 1 (use -v to see invocation)
make[1]: *** [cmTC_8c6a5] Error 1
make: *** [cmTC_8c6a5/fast] Error 2


===== END =====

Determining if the include file malloc.h exists failed with the following output:
Change Dir: /Users/huaweichang/Downloads/opencv-4.5.2/cmake-build-debug/CMakeFiles/CMakeTmp

Run Build Command(s):/usr/bin/make -f Makefile cmTC_42f40/fast && /Applications/Xcode10.app/Contents/Developer/usr/bin/make  -f CMakeFiles/cmTC_42f40.dir/build.make CMakeFiles/cmTC_42f40.dir/build
Building C object CMakeFiles/cmTC_42f40.dir/CheckIncludeFile.c.o
/Applications/Xcode10.app/Contents/Developer/Toolchains/XcodeDefault.xctoolchain/usr/bin/cc   -fsigned-char -W -Wall -Werror=return-type -Werror=non-virtual-dtor -Werror=address -Werror=sequence-point -Wformat -Werror=format-security -Wmissing-declarations -Wmissing-prototypes -Wstrict-prototypes -Wundef -Winit-self -Wpointer-arith -Wshadow -Wsign-promo -Wuninitialized -Wno-delete-non-virtual-dtor -Wno-unnamed-type-template-args -Wno-comment -fdiagnostics-show-option -Wno-long-long -Qunused-arguments -Wno-semicolon-before-method-body -ffunction-sections -fdata-sections  -fvisibility=hidden -fvisibility-inlines-hidden  -g  -O0 -DDEBUG -D_DEBUG -fPIE -MD -MT CMakeFiles/cmTC_42f40.dir/CheckIncludeFile.c.o -MF CMakeFiles/cmTC_42f40.dir/CheckIncludeFile.c.o.d -o CMakeFiles/cmTC_42f40.dir/CheckIncludeFile.c.o -c /Users/huaweichang/Downloads/opencv-4.5.2/cmake-build-debug/CMakeFiles/CMakeTmp/CheckIncludeFile.c
/Users/huaweichang/Downloads/opencv-4.5.2/cmake-build-debug/CMakeFiles/CMakeTmp/CheckIncludeFile.c:1:10: fatal error: 'malloc.h' file not found
#include <malloc.h>
         ^~~~~~~~~~
1 error generated.
make[1]: *** [CMakeFiles/cmTC_42f40.dir/CheckIncludeFile.c.o] Error 1
make: *** [cmTC_42f40/fast] Error 2



Determining size of off64_t failed with the following output:
Change Dir: /Users/huaweichang/Downloads/opencv-4.5.2/cmake-build-debug/CMakeFiles/CMakeTmp

Run Build Command(s):/usr/bin/make -f Makefile cmTC_cd75f/fast && /Applications/Xcode10.app/Contents/Developer/usr/bin/make  -f CMakeFiles/cmTC_cd75f.dir/build.make CMakeFiles/cmTC_cd75f.dir/build
Building C object CMakeFiles/cmTC_cd75f.dir/OFF64_T.c.o
/Applications/Xcode10.app/Contents/Developer/Toolchains/XcodeDefault.xctoolchain/usr/bin/cc   -fsigned-char -W -Wall -Werror=return-type -Werror=non-virtual-dtor -Werror=address -Werror=sequence-point -Wformat -Werror=format-security -Wmissing-declarations -Wmissing-prototypes -Wstrict-prototypes -Wundef -Winit-self -Wpointer-arith -Wshadow -Wsign-promo -Wuninitialized -Wno-delete-non-virtual-dtor -Wno-unnamed-type-template-args -Wno-comment -fdiagnostics-show-option -Wno-long-long -Qunused-arguments -Wno-semicolon-before-method-body -ffunction-sections -fdata-sections  -fvisibility=hidden -fvisibility-inlines-hidden  -g  -O0 -DDEBUG -D_DEBUG -fPIE -MD -MT CMakeFiles/cmTC_cd75f.dir/OFF64_T.c.o -MF CMakeFiles/cmTC_cd75f.dir/OFF64_T.c.o.d -o CMakeFiles/cmTC_cd75f.dir/OFF64_T.c.o -c /Users/huaweichang/Downloads/opencv-4.5.2/cmake-build-debug/CMakeFiles/CheckTypeSize/OFF64_T.c
/Users/huaweichang/Downloads/opencv-4.5.2/cmake-build-debug/CMakeFiles/CheckTypeSize/OFF64_T.c:29:12: error: use of undeclared identifier 'off64_t'
  ('0' + ((SIZE / 10000)%10)),
           ^
/Users/huaweichang/Downloads/opencv-4.5.2/cmake-build-debug/CMakeFiles/CheckTypeSize/OFF64_T.c:27:22: note: expanded from macro 'SIZE'
#define SIZE (sizeof(off64_t))
                     ^
/Users/huaweichang/Downloads/opencv-4.5.2/cmake-build-debug/CMakeFiles/CheckTypeSize/OFF64_T.c:30:12: error: use of undeclared identifier 'off64_t'
  ('0' + ((SIZE / 1000)%10)),
           ^
/Users/huaweichang/Downloads/opencv-4.5.2/cmake-build-debug/CMakeFiles/CheckTypeSize/OFF64_T.c:27:22: note: expanded from macro 'SIZE'
#define SIZE (sizeof(off64_t))
                     ^
/Users/huaweichang/Downloads/opencv-4.5.2/cmake-build-debug/CMakeFiles/CheckTypeSize/OFF64_T.c:31:12: error: use of undeclared identifier 'off64_t'
  ('0' + ((SIZE / 100)%10)),
           ^
/Users/huaweichang/Downloads/opencv-4.5.2/cmake-build-debug/CMakeFiles/CheckTypeSize/OFF64_T.c:27:22: note: expanded from macro 'SIZE'
#define SIZE (sizeof(off64_t))
                     ^
/Users/huaweichang/Downloads/opencv-4.5.2/cmake-build-debug/CMakeFiles/CheckTypeSize/OFF64_T.c:32:12: error: use of undeclared identifier 'off64_t'
  ('0' + ((SIZE / 10)%10)),
           ^
/Users/huaweichang/Downloads/opencv-4.5.2/cmake-build-debug/CMakeFiles/CheckTypeSize/OFF64_T.c:27:22: note: expanded from macro 'SIZE'
#define SIZE (sizeof(off64_t))
                     ^
/Users/huaweichang/Downloads/opencv-4.5.2/cmake-build-debug/CMakeFiles/CheckTypeSize/OFF64_T.c:33:12: error: use of undeclared identifier 'off64_t'
  ('0' +  (SIZE    % 10)),
           ^
/Users/huaweichang/Downloads/opencv-4.5.2/cmake-build-debug/CMakeFiles/CheckTypeSize/OFF64_T.c:27:22: note: expanded from macro 'SIZE'
#define SIZE (sizeof(off64_t))
                     ^
5 errors generated.
make[1]: *** [CMakeFiles/cmTC_cd75f.dir/OFF64_T.c.o] Error 1
make: *** [cmTC_cd75f/fast] Error 2


/Users/huaweichang/Downloads/opencv-4.5.2/cmake-build-debug/CMakeFiles/CheckTypeSize/OFF64_T.c:
#include <sys/types.h>
#include <stdint.h>
#include <stddef.h>


#undef KEY
#if defined(__i386)
# define KEY '_','_','i','3','8','6'
#elif defined(__x86_64)
# define KEY '_','_','x','8','6','_','6','4'
#elif defined(__PPC64__)
# define KEY '_','_','P','P','C','6','4','_','_'
#elif defined(__ppc64__)
# define KEY '_','_','p','p','c','6','4','_','_'
#elif defined(__PPC__)
# define KEY '_','_','P','P','C','_','_'
#elif defined(__ppc__)
# define KEY '_','_','p','p','c','_','_'
#elif defined(__aarch64__)
# define KEY '_','_','a','a','r','c','h','6','4','_','_'
#elif defined(__ARM_ARCH_7A__)
# define KEY '_','_','A','R','M','_','A','R','C','H','_','7','A','_','_'
#elif defined(__ARM_ARCH_7S__)
# define KEY '_','_','A','R','M','_','A','R','C','H','_','7','S','_','_'
#endif

#define SIZE (sizeof(off64_t))
static char info_size[] =  {'I', 'N', 'F', 'O', ':', 's','i','z','e','[',
  ('0' + ((SIZE / 10000)%10)),
  ('0' + ((SIZE / 1000)%10)),
  ('0' + ((SIZE / 100)%10)),
  ('0' + ((SIZE / 10)%10)),
  ('0' +  (SIZE    % 10)),
  ']',
#ifdef KEY
  ' ','k','e','y','[', KEY, ']',
#endif
  '\0'};

#ifdef __CLASSIC_C__
int main(argc, argv) int argc; char *argv[];
#else
int main(int argc, char *argv[])
#endif
{
  int require = 0;
  require += info_size[argc];
  (void)argv;
  return require;
}


Determining if the include file io.h exists failed with the following output:
Change Dir: /Users/huaweichang/Downloads/opencv-4.5.2/cmake-build-debug/CMakeFiles/CMakeTmp

Run Build Command(s):/usr/bin/make -f Makefile cmTC_6b77f/fast && /Applications/Xcode10.app/Contents/Developer/usr/bin/make  -f CMakeFiles/cmTC_6b77f.dir/build.make CMakeFiles/cmTC_6b77f.dir/build
Building C object CMakeFiles/cmTC_6b77f.dir/CheckIncludeFile.c.o
/Applications/Xcode10.app/Contents/Developer/Toolchains/XcodeDefault.xctoolchain/usr/bin/cc   -fsigned-char -W -Wall -Werror=return-type -Werror=non-virtual-dtor -Werror=address -Werror=sequence-point -Wformat -Werror=format-security -Wmissing-declarations -Wmissing-prototypes -Wstrict-prototypes -Wundef -Winit-self -Wpointer-arith -Wshadow -Wsign-promo -Wuninitialized -Wno-delete-non-virtual-dtor -Wno-unnamed-type-template-args -Wno-comment -fdiagnostics-show-option -Wno-long-long -Qunused-arguments -Wno-semicolon-before-method-body -ffunction-sections -fdata-sections  -fvisibility=hidden -fvisibility-inlines-hidden  -g  -O0 -DDEBUG -D_DEBUG -fPIE -MD -MT CMakeFiles/cmTC_6b77f.dir/CheckIncludeFile.c.o -MF CMakeFiles/cmTC_6b77f.dir/CheckIncludeFile.c.o.d -o CMakeFiles/cmTC_6b77f.dir/CheckIncludeFile.c.o -c /Users/huaweichang/Downloads/opencv-4.5.2/cmake-build-debug/CMakeFiles/CMakeTmp/CheckIncludeFile.c
/Users/huaweichang/Downloads/opencv-4.5.2/cmake-build-debug/CMakeFiles/CMakeTmp/CheckIncludeFile.c:1:10: fatal error: 'io.h' file not found
#include <io.h>
         ^~~~~~
1 error generated.
make[1]: *** [CMakeFiles/cmTC_6b77f.dir/CheckIncludeFile.c.o] Error 1
make: *** [cmTC_6b77f/fast] Error 2



Determining size of INT8 failed with the following output:
Change Dir: /Users/huaweichang/Downloads/opencv-4.5.2/cmake-build-debug/CMakeFiles/CMakeTmp

Run Build Command(s):/usr/bin/make -f Makefile cmTC_b97c7/fast && /Applications/Xcode10.app/Contents/Developer/usr/bin/make  -f CMakeFiles/cmTC_b97c7.dir/build.make CMakeFiles/cmTC_b97c7.dir/build
Building C object CMakeFiles/cmTC_b97c7.dir/int8.c.o
/Applications/Xcode10.app/Contents/Developer/Toolchains/XcodeDefault.xctoolchain/usr/bin/cc   -fsigned-char -W -Wall -Werror=return-type -Werror=non-virtual-dtor -Werror=address -Werror=sequence-point -Wformat -Werror=format-security -Wmissing-declarations -Wmissing-prototypes -Wstrict-prototypes -Wundef -Winit-self -Wpointer-arith -Wshadow -Wsign-promo -Wuninitialized -Wno-delete-non-virtual-dtor -Wno-unnamed-type-template-args -Wno-comment -fdiagnostics-show-option -Wno-long-long -Qunused-arguments -Wno-semicolon-before-method-body -ffunction-sections -fdata-sections  -fvisibility=hidden -fvisibility-inlines-hidden  -g  -O0 -DDEBUG -D_DEBUG -fPIE -MD -MT CMakeFiles/cmTC_b97c7.dir/int8.c.o -MF CMakeFiles/cmTC_b97c7.dir/int8.c.o.d -o CMakeFiles/cmTC_b97c7.dir/int8.c.o -c /Users/huaweichang/Downloads/opencv-4.5.2/cmake-build-debug/CMakeFiles/CheckTypeSize/int8.c
/Users/huaweichang/Downloads/opencv-4.5.2/cmake-build-debug/CMakeFiles/CheckTypeSize/int8.c:29:12: error: use of undeclared identifier 'INT8'
  ('0' + ((SIZE / 10000)%10)),
           ^
/Users/huaweichang/Downloads/opencv-4.5.2/cmake-build-debug/CMakeFiles/CheckTypeSize/int8.c:27:22: note: expanded from macro 'SIZE'
#define SIZE (sizeof(INT8))
                     ^
/Users/huaweichang/Downloads/opencv-4.5.2/cmake-build-debug/CMakeFiles/CheckTypeSize/int8.c:30:12: error: use of undeclared identifier 'INT8'
  ('0' + ((SIZE / 1000)%10)),
           ^
/Users/huaweichang/Downloads/opencv-4.5.2/cmake-build-debug/CMakeFiles/CheckTypeSize/int8.c:27:22: note: expanded from macro 'SIZE'
#define SIZE (sizeof(INT8))
                     ^
/Users/huaweichang/Downloads/opencv-4.5.2/cmake-build-debug/CMakeFiles/CheckTypeSize/int8.c:31:12: error: use of undeclared identifier 'INT8'
  ('0' + ((SIZE / 100)%10)),
           ^
/Users/huaweichang/Downloads/opencv-4.5.2/cmake-build-debug/CMakeFiles/CheckTypeSize/int8.c:27:22: note: expanded from macro 'SIZE'
#define SIZE (sizeof(INT8))
                     ^
/Users/huaweichang/Downloads/opencv-4.5.2/cmake-build-debug/CMakeFiles/CheckTypeSize/int8.c:32:12: error: use of undeclared identifier 'INT8'
  ('0' + ((SIZE / 10)%10)),
           ^
/Users/huaweichang/Downloads/opencv-4.5.2/cmake-build-debug/CMakeFiles/CheckTypeSize/int8.c:27:22: note: expanded from macro 'SIZE'
#define SIZE (sizeof(INT8))
                     ^
/Users/huaweichang/Downloads/opencv-4.5.2/cmake-build-debug/CMakeFiles/CheckTypeSize/int8.c:33:12: error: use of undeclared identifier 'INT8'
  ('0' +  (SIZE    % 10)),
           ^
/Users/huaweichang/Downloads/opencv-4.5.2/cmake-build-debug/CMakeFiles/CheckTypeSize/int8.c:27:22: note: expanded from macro 'SIZE'
#define SIZE (sizeof(INT8))
                     ^
5 errors generated.
make[1]: *** [CMakeFiles/cmTC_b97c7.dir/int8.c.o] Error 1
make: *** [cmTC_b97c7/fast] Error 2


/Users/huaweichang/Downloads/opencv-4.5.2/cmake-build-debug/CMakeFiles/CheckTypeSize/int8.c:
#include <sys/types.h>
#include <stdint.h>
#include <stddef.h>


#undef KEY
#if defined(__i386)
# define KEY '_','_','i','3','8','6'
#elif defined(__x86_64)
# define KEY '_','_','x','8','6','_','6','4'
#elif defined(__PPC64__)
# define KEY '_','_','P','P','C','6','4','_','_'
#elif defined(__ppc64__)
# define KEY '_','_','p','p','c','6','4','_','_'
#elif defined(__PPC__)
# define KEY '_','_','P','P','C','_','_'
#elif defined(__ppc__)
# define KEY '_','_','p','p','c','_','_'
#elif defined(__aarch64__)
# define KEY '_','_','a','a','r','c','h','6','4','_','_'
#elif defined(__ARM_ARCH_7A__)
# define KEY '_','_','A','R','M','_','A','R','C','H','_','7','A','_','_'
#elif defined(__ARM_ARCH_7S__)
# define KEY '_','_','A','R','M','_','A','R','C','H','_','7','S','_','_'
#endif

#define SIZE (sizeof(INT8))
static char info_size[] =  {'I', 'N', 'F', 'O', ':', 's','i','z','e','[',
  ('0' + ((SIZE / 10000)%10)),
  ('0' + ((SIZE / 1000)%10)),
  ('0' + ((SIZE / 100)%10)),
  ('0' + ((SIZE / 10)%10)),
  ('0' +  (SIZE    % 10)),
  ']',
#ifdef KEY
  ' ','k','e','y','[', KEY, ']',
#endif
  '\0'};

#ifdef __CLASSIC_C__
int main(argc, argv) int argc; char *argv[];
#else
int main(int argc, char *argv[])
#endif
{
  int require = 0;
  require += info_size[argc];
  (void)argv;
  return require;
}


Determining size of INT16 failed with the following output:
Change Dir: /Users/huaweichang/Downloads/opencv-4.5.2/cmake-build-debug/CMakeFiles/CMakeTmp

Run Build Command(s):/usr/bin/make -f Makefile cmTC_1f80b/fast && /Applications/Xcode10.app/Contents/Developer/usr/bin/make  -f CMakeFiles/cmTC_1f80b.dir/build.make CMakeFiles/cmTC_1f80b.dir/build
Building C object CMakeFiles/cmTC_1f80b.dir/int16.c.o
/Applications/Xcode10.app/Contents/Developer/Toolchains/XcodeDefault.xctoolchain/usr/bin/cc   -fsigned-char -W -Wall -Werror=return-type -Werror=non-virtual-dtor -Werror=address -Werror=sequence-point -Wformat -Werror=format-security -Wmissing-declarations -Wmissing-prototypes -Wstrict-prototypes -Wundef -Winit-self -Wpointer-arith -Wshadow -Wsign-promo -Wuninitialized -Wno-delete-non-virtual-dtor -Wno-unnamed-type-template-args -Wno-comment -fdiagnostics-show-option -Wno-long-long -Qunused-arguments -Wno-semicolon-before-method-body -ffunction-sections -fdata-sections  -fvisibility=hidden -fvisibility-inlines-hidden  -g  -O0 -DDEBUG -D_DEBUG -fPIE -MD -MT CMakeFiles/cmTC_1f80b.dir/int16.c.o -MF CMakeFiles/cmTC_1f80b.dir/int16.c.o.d -o CMakeFiles/cmTC_1f80b.dir/int16.c.o -c /Users/huaweichang/Downloads/opencv-4.5.2/cmake-build-debug/CMakeFiles/CheckTypeSize/int16.c
/Users/huaweichang/Downloads/opencv-4.5.2/cmake-build-debug/CMakeFiles/CheckTypeSize/int16.c:29:12: error: use of undeclared identifier 'INT16'
  ('0' + ((SIZE / 10000)%10)),
           ^
/Users/huaweichang/Downloads/opencv-4.5.2/cmake-build-debug/CMakeFiles/CheckTypeSize/int16.c:27:22: note: expanded from macro 'SIZE'
#define SIZE (sizeof(INT16))
                     ^
/Users/huaweichang/Downloads/opencv-4.5.2/cmake-build-debug/CMakeFiles/CheckTypeSize/int16.c:30:12: error: use of undeclared identifier 'INT16'
  ('0' + ((SIZE / 1000)%10)),
           ^
/Users/huaweichang/Downloads/opencv-4.5.2/cmake-build-debug/CMakeFiles/CheckTypeSize/int16.c:27:22: note: expanded from macro 'SIZE'
#define SIZE (sizeof(INT16))
                     ^
/Users/huaweichang/Downloads/opencv-4.5.2/cmake-build-debug/CMakeFiles/CheckTypeSize/int16.c:31:12: error: use of undeclared identifier 'INT16'
  ('0' + ((SIZE / 100)%10)),
           ^
/Users/huaweichang/Downloads/opencv-4.5.2/cmake-build-debug/CMakeFiles/CheckTypeSize/int16.c:27:22: note: expanded from macro 'SIZE'
#define SIZE (sizeof(INT16))
                     ^
/Users/huaweichang/Downloads/opencv-4.5.2/cmake-build-debug/CMakeFiles/CheckTypeSize/int16.c:32:12: error: use of undeclared identifier 'INT16'
  ('0' + ((SIZE / 10)%10)),
           ^
/Users/huaweichang/Downloads/opencv-4.5.2/cmake-build-debug/CMakeFiles/CheckTypeSize/int16.c:27:22: note: expanded from macro 'SIZE'
#define SIZE (sizeof(INT16))
                     ^
/Users/huaweichang/Downloads/opencv-4.5.2/cmake-build-debug/CMakeFiles/CheckTypeSize/int16.c:33:12: error: use of undeclared identifier 'INT16'
  ('0' +  (SIZE    % 10)),
           ^
/Users/huaweichang/Downloads/opencv-4.5.2/cmake-build-debug/CMakeFiles/CheckTypeSize/int16.c:27:22: note: expanded from macro 'SIZE'
#define SIZE (sizeof(INT16))
                     ^
5 errors generated.
make[1]: *** [CMakeFiles/cmTC_1f80b.dir/int16.c.o] Error 1
make: *** [cmTC_1f80b/fast] Error 2


/Users/huaweichang/Downloads/opencv-4.5.2/cmake-build-debug/CMakeFiles/CheckTypeSize/int16.c:
#include <sys/types.h>
#include <stdint.h>
#include <stddef.h>


#undef KEY
#if defined(__i386)
# define KEY '_','_','i','3','8','6'
#elif defined(__x86_64)
# define KEY '_','_','x','8','6','_','6','4'
#elif defined(__PPC64__)
# define KEY '_','_','P','P','C','6','4','_','_'
#elif defined(__ppc64__)
# define KEY '_','_','p','p','c','6','4','_','_'
#elif defined(__PPC__)
# define KEY '_','_','P','P','C','_','_'
#elif defined(__ppc__)
# define KEY '_','_','p','p','c','_','_'
#elif defined(__aarch64__)
# define KEY '_','_','a','a','r','c','h','6','4','_','_'
#elif defined(__ARM_ARCH_7A__)
# define KEY '_','_','A','R','M','_','A','R','C','H','_','7','A','_','_'
#elif defined(__ARM_ARCH_7S__)
# define KEY '_','_','A','R','M','_','A','R','C','H','_','7','S','_','_'
#endif

#define SIZE (sizeof(INT16))
static char info_size[] =  {'I', 'N', 'F', 'O', ':', 's','i','z','e','[',
  ('0' + ((SIZE / 10000)%10)),
  ('0' + ((SIZE / 1000)%10)),
  ('0' + ((SIZE / 100)%10)),
  ('0' + ((SIZE / 10)%10)),
  ('0' +  (SIZE    % 10)),
  ']',
#ifdef KEY
  ' ','k','e','y','[', KEY, ']',
#endif
  '\0'};

#ifdef __CLASSIC_C__
int main(argc, argv) int argc; char *argv[];
#else
int main(int argc, char *argv[])
#endif
{
  int require = 0;
  require += info_size[argc];
  (void)argv;
  return require;
}


Determining size of INT32 failed with the following output:
Change Dir: /Users/huaweichang/Downloads/opencv-4.5.2/cmake-build-debug/CMakeFiles/CMakeTmp

Run Build Command(s):/usr/bin/make -f Makefile cmTC_e99ff/fast && /Applications/Xcode10.app/Contents/Developer/usr/bin/make  -f CMakeFiles/cmTC_e99ff.dir/build.make CMakeFiles/cmTC_e99ff.dir/build
Building C object CMakeFiles/cmTC_e99ff.dir/int32.c.o
/Applications/Xcode10.app/Contents/Developer/Toolchains/XcodeDefault.xctoolchain/usr/bin/cc   -fsigned-char -W -Wall -Werror=return-type -Werror=non-virtual-dtor -Werror=address -Werror=sequence-point -Wformat -Werror=format-security -Wmissing-declarations -Wmissing-prototypes -Wstrict-prototypes -Wundef -Winit-self -Wpointer-arith -Wshadow -Wsign-promo -Wuninitialized -Wno-delete-non-virtual-dtor -Wno-unnamed-type-template-args -Wno-comment -fdiagnostics-show-option -Wno-long-long -Qunused-arguments -Wno-semicolon-before-method-body -ffunction-sections -fdata-sections  -fvisibility=hidden -fvisibility-inlines-hidden  -g  -O0 -DDEBUG -D_DEBUG -fPIE -MD -MT CMakeFiles/cmTC_e99ff.dir/int32.c.o -MF CMakeFiles/cmTC_e99ff.dir/int32.c.o.d -o CMakeFiles/cmTC_e99ff.dir/int32.c.o -c /Users/huaweichang/Downloads/opencv-4.5.2/cmake-build-debug/CMakeFiles/CheckTypeSize/int32.c
/Users/huaweichang/Downloads/opencv-4.5.2/cmake-build-debug/CMakeFiles/CheckTypeSize/int32.c:29:12: error: use of undeclared identifier 'INT32'
  ('0' + ((SIZE / 10000)%10)),
           ^
/Users/huaweichang/Downloads/opencv-4.5.2/cmake-build-debug/CMakeFiles/CheckTypeSize/int32.c:27:22: note: expanded from macro 'SIZE'
#define SIZE (sizeof(INT32))
                     ^
/Users/huaweichang/Downloads/opencv-4.5.2/cmake-build-debug/CMakeFiles/CheckTypeSize/int32.c:30:12: error: use of undeclared identifier 'INT32'
  ('0' + ((SIZE / 1000)%10)),
           ^
/Users/huaweichang/Downloads/opencv-4.5.2/cmake-build-debug/CMakeFiles/CheckTypeSize/int32.c:27:22: note: expanded from macro 'SIZE'
#define SIZE (sizeof(INT32))
                     ^
/Users/huaweichang/Downloads/opencv-4.5.2/cmake-build-debug/CMakeFiles/CheckTypeSize/int32.c:31:12: error: use of undeclared identifier 'INT32'
  ('0' + ((SIZE / 100)%10)),
           ^
/Users/huaweichang/Downloads/opencv-4.5.2/cmake-build-debug/CMakeFiles/CheckTypeSize/int32.c:27:22: note: expanded from macro 'SIZE'
#define SIZE (sizeof(INT32))
                     ^
/Users/huaweichang/Downloads/opencv-4.5.2/cmake-build-debug/CMakeFiles/CheckTypeSize/int32.c:32:12: error: use of undeclared identifier 'INT32'
  ('0' + ((SIZE / 10)%10)),
           ^
/Users/huaweichang/Downloads/opencv-4.5.2/cmake-build-debug/CMakeFiles/CheckTypeSize/int32.c:27:22: note: expanded from macro 'SIZE'
#define SIZE (sizeof(INT32))
                     ^
/Users/huaweichang/Downloads/opencv-4.5.2/cmake-build-debug/CMakeFiles/CheckTypeSize/int32.c:33:12: error: use of undeclared identifier 'INT32'
  ('0' +  (SIZE    % 10)),
           ^
/Users/huaweichang/Downloads/opencv-4.5.2/cmake-build-debug/CMakeFiles/CheckTypeSize/int32.c:27:22: note: expanded from macro 'SIZE'
#define SIZE (sizeof(INT32))
                     ^
5 errors generated.
make[1]: *** [CMakeFiles/cmTC_e99ff.dir/int32.c.o] Error 1
make: *** [cmTC_e99ff/fast] Error 2


/Users/huaweichang/Downloads/opencv-4.5.2/cmake-build-debug/CMakeFiles/CheckTypeSize/int32.c:
#include <sys/types.h>
#include <stdint.h>
#include <stddef.h>


#undef KEY
#if defined(__i386)
# define KEY '_','_','i','3','8','6'
#elif defined(__x86_64)
# define KEY '_','_','x','8','6','_','6','4'
#elif defined(__PPC64__)
# define KEY '_','_','P','P','C','6','4','_','_'
#elif defined(__ppc64__)
# define KEY '_','_','p','p','c','6','4','_','_'
#elif defined(__PPC__)
# define KEY '_','_','P','P','C','_','_'
#elif defined(__ppc__)
# define KEY '_','_','p','p','c','_','_'
#elif defined(__aarch64__)
# define KEY '_','_','a','a','r','c','h','6','4','_','_'
#elif defined(__ARM_ARCH_7A__)
# define KEY '_','_','A','R','M','_','A','R','C','H','_','7','A','_','_'
#elif defined(__ARM_ARCH_7S__)
# define KEY '_','_','A','R','M','_','A','R','C','H','_','7','S','_','_'
#endif

#define SIZE (sizeof(INT32))
static char info_size[] =  {'I', 'N', 'F', 'O', ':', 's','i','z','e','[',
  ('0' + ((SIZE / 10000)%10)),
  ('0' + ((SIZE / 1000)%10)),
  ('0' + ((SIZE / 100)%10)),
  ('0' + ((SIZE / 10)%10)),
  ('0' +  (SIZE    % 10)),
  ']',
#ifdef KEY
  ' ','k','e','y','[', KEY, ']',
#endif
  '\0'};

#ifdef __CLASSIC_C__
int main(argc, argv) int argc; char *argv[];
#else
int main(int argc, char *argv[])
#endif
{
  int require = 0;
  require += info_size[argc];
  (void)argv;
  return require;
}


Build output check failed:
    Regex: 'unknown .*option'
    Output line: 'warning: unknown warning option '-Wno-unused-but-set-variable', did you mean '-Wno-unused-const-variable'? [-Wunknown-warning-option]'
Compilation failed:
    source file: '/Users/huaweichang/Downloads/opencv-4.5.2/cmake-build-debug/CMakeFiles/CMakeTmp/src.c'
    check option: ' -Wno-unused-but-set-variable'
===== BUILD LOG =====
Change Dir: /Users/huaweichang/Downloads/opencv-4.5.2/cmake-build-debug/CMakeFiles/CMakeTmp

Run Build Command(s):/usr/bin/make -f Makefile cmTC_6595d/fast && /Applications/Xcode10.app/Contents/Developer/usr/bin/make  -f CMakeFiles/cmTC_6595d.dir/build.make CMakeFiles/cmTC_6595d.dir/build
Building C object CMakeFiles/cmTC_6595d.dir/src.c.o
/Applications/Xcode10.app/Contents/Developer/Toolchains/XcodeDefault.xctoolchain/usr/bin/cc   -fsigned-char -W -Wall -Werror=return-type -Werror=non-virtual-dtor -Werror=address -Werror=sequence-point -Wformat -Werror=format-security -Wmissing-declarations -Wmissing-prototypes -Wstrict-prototypes -Wundef -Winit-self -Wpointer-arith -Wshadow -Wsign-promo -Wuninitialized -Wno-delete-non-virtual-dtor -Wno-unnamed-type-template-args -Wno-comment -fdiagnostics-show-option -Wno-long-long -Qunused-arguments -Wno-semicolon-before-method-body -ffunction-sections -fdata-sections  -fvisibility=hidden -fvisibility-inlines-hidden  -g  -O0 -DDEBUG -D_DEBUG -fPIE    -Wno-unused-but-set-variable -MD -MT CMakeFiles/cmTC_6595d.dir/src.c.o -MF CMakeFiles/cmTC_6595d.dir/src.c.o.d -o CMakeFiles/cmTC_6595d.dir/src.c.o -c /Users/huaweichang/Downloads/opencv-4.5.2/cmake-build-debug/CMakeFiles/CMakeTmp/src.c
warning: unknown warning option '-Wno-unused-but-set-variable'; did you mean '-Wno-unused-const-variable'? [-Wunknown-warning-option]
/Users/huaweichang/Downloads/opencv-4.5.2/cmake-build-debug/CMakeFiles/CMakeTmp/src.c:1:8: warning: unknown pragma ignored [-Wunknown-pragmas]
#pragma
       ^
2 warnings generated.
Linking C executable cmTC_6595d
/Applications/CMake.app/Contents/bin/cmake -E cmake_link_script CMakeFiles/cmTC_6595d.dir/link.txt --verbose=1
/Applications/Xcode10.app/Contents/Developer/Toolchains/XcodeDefault.xctoolchain/usr/bin/cc    -fsigned-char -W -Wall -Werror=return-type -Werror=non-virtual-dtor -Werror=address -Werror=sequence-point -Wformat -Werror=format-security -Wmissing-declarations -Wmissing-prototypes -Wstrict-prototypes -Wundef -Winit-self -Wpointer-arith -Wshadow -Wsign-promo -Wuninitialized -Wno-delete-non-virtual-dtor -Wno-unnamed-type-template-args -Wno-comment -fdiagnostics-show-option -Wno-long-long -Qunused-arguments -Wno-semicolon-before-method-body -ffunction-sections -fdata-sections  -fvisibility=hidden -fvisibility-inlines-hidden  -g  -O0 -DDEBUG -D_DEBUG -Wl,-search_paths_first -Wl,-headerpad_max_install_names   -Wl,-dead_strip  CMakeFiles/cmTC_6595d.dir/src.c.o -o cmTC_6595d 


===== END =====

Build output check failed:
    Regex: 'unknown .*option'
    Output line: 'warning: unknown warning option '-Wno-maybe-uninitialized', did you mean '-Wno-uninitialized'? [-Wunknown-warning-option]'
Compilation failed:
    source file: '/Users/huaweichang/Downloads/opencv-4.5.2/cmake-build-debug/CMakeFiles/CMakeTmp/src.c'
    check option: ' -Wno-maybe-uninitialized'
===== BUILD LOG =====
Change Dir: /Users/huaweichang/Downloads/opencv-4.5.2/cmake-build-debug/CMakeFiles/CMakeTmp

Run Build Command(s):/usr/bin/make -f Makefile cmTC_c8b3a/fast && /Applications/Xcode10.app/Contents/Developer/usr/bin/make  -f CMakeFiles/cmTC_c8b3a.dir/build.make CMakeFiles/cmTC_c8b3a.dir/build
Building C object CMakeFiles/cmTC_c8b3a.dir/src.c.o
/Applications/Xcode10.app/Contents/Developer/Toolchains/XcodeDefault.xctoolchain/usr/bin/cc   -fsigned-char -W -Wall -Werror=return-type -Werror=non-virtual-dtor -Werror=address -Werror=sequence-point -Wformat -Werror=format-security -Wstrict-prototypes -Winit-self -Wpointer-arith -Wsign-promo -Wuninitialized -Wno-delete-non-virtual-dtor -Wno-unnamed-type-template-args -Wno-comment -fdiagnostics-show-option -Wno-long-long -Qunused-arguments -Wno-semicolon-before-method-body -ffunction-sections -fdata-sections  -fvisibility=hidden -fvisibility-inlines-hidden -Wno-missing-prototypes -Wno-missing-declarations -Wno-undef -Wno-unused -Wno-sign-compare -Wno-cast-align -Wno-shadow  -g  -O0 -DDEBUG -D_DEBUG -fPIE    -Wno-maybe-uninitialized -MD -MT CMakeFiles/cmTC_c8b3a.dir/src.c.o -MF CMakeFiles/cmTC_c8b3a.dir/src.c.o.d -o CMakeFiles/cmTC_c8b3a.dir/src.c.o -c /Users/huaweichang/Downloads/opencv-4.5.2/cmake-build-debug/CMakeFiles/CMakeTmp/src.c
warning: unknown warning option '-Wno-maybe-uninitialized'; did you mean '-Wno-uninitialized'? [-Wunknown-warning-option]
/Users/huaweichang/Downloads/opencv-4.5.2/cmake-build-debug/CMakeFiles/CMakeTmp/src.c:1:8: warning: unknown pragma ignored [-Wunknown-pragmas]
#pragma
       ^
2 warnings generated.
Linking C executable cmTC_c8b3a
/Applications/CMake.app/Contents/bin/cmake -E cmake_link_script CMakeFiles/cmTC_c8b3a.dir/link.txt --verbose=1
/Applications/Xcode10.app/Contents/Developer/Toolchains/XcodeDefault.xctoolchain/usr/bin/cc    -fsigned-char -W -Wall -Werror=return-type -Werror=non-virtual-dtor -Werror=address -Werror=sequence-point -Wformat -Werror=format-security -Wstrict-prototypes -Winit-self -Wpointer-arith -Wsign-promo -Wuninitialized -Wno-delete-non-virtual-dtor -Wno-unnamed-type-template-args -Wno-comment -fdiagnostics-show-option -Wno-long-long -Qunused-arguments -Wno-semicolon-before-method-body -ffunction-sections -fdata-sections  -fvisibility=hidden -fvisibility-inlines-hidden -Wno-missing-prototypes -Wno-missing-declarations -Wno-undef -Wno-unused -Wno-sign-compare -Wno-cast-align -Wno-shadow  -g  -O0 -DDEBUG -D_DEBUG -Wl,-search_paths_first -Wl,-headerpad_max_install_names   -Wl,-dead_strip  CMakeFiles/cmTC_c8b3a.dir/src.c.o -o cmTC_c8b3a 


===== END =====

Build output check failed:
    Regex: 'unknown .*option'
    Output line: 'warning: unknown warning option '-Wno-misleading-indentation', did you mean '-Wno-binding-in-condition'? [-Wunknown-warning-option]'
Compilation failed:
    source file: '/Users/huaweichang/Downloads/opencv-4.5.2/cmake-build-debug/CMakeFiles/CMakeTmp/src.c'
    check option: ' -Wno-misleading-indentation'
===== BUILD LOG =====
Change Dir: /Users/huaweichang/Downloads/opencv-4.5.2/cmake-build-debug/CMakeFiles/CMakeTmp

Run Build Command(s):/usr/bin/make -f Makefile cmTC_23f51/fast && /Applications/Xcode10.app/Contents/Developer/usr/bin/make  -f CMakeFiles/cmTC_23f51.dir/build.make CMakeFiles/cmTC_23f51.dir/build
Building C object CMakeFiles/cmTC_23f51.dir/src.c.o
/Applications/Xcode10.app/Contents/Developer/Toolchains/XcodeDefault.xctoolchain/usr/bin/cc   -fsigned-char -W -Wall -Werror=return-type -Werror=non-virtual-dtor -Werror=address -Werror=sequence-point -Wformat -Werror=format-security -Wstrict-prototypes -Winit-self -Wpointer-arith -Wsign-promo -Wuninitialized -Wno-delete-non-virtual-dtor -Wno-unnamed-type-template-args -Wno-comment -fdiagnostics-show-option -Wno-long-long -Qunused-arguments -Wno-semicolon-before-method-body -ffunction-sections -fdata-sections  -fvisibility=hidden -fvisibility-inlines-hidden -Wno-missing-prototypes -Wno-missing-declarations -Wno-undef -Wno-unused -Wno-sign-compare -Wno-cast-align -Wno-shadow -Wno-pointer-to-int-cast -Wno-int-to-pointer-cast  -g  -O0 -DDEBUG -D_DEBUG -fPIE    -Wno-misleading-indentation -MD -MT CMakeFiles/cmTC_23f51.dir/src.c.o -MF CMakeFiles/cmTC_23f51.dir/src.c.o.d -o CMakeFiles/cmTC_23f51.dir/src.c.o -c /Users/huaweichang/Downloads/opencv-4.5.2/cmake-build-debug/CMakeFiles/CMakeTmp/src.c
warning: unknown warning option '-Wno-misleading-indentation'; did you mean '-Wno-binding-in-condition'? [-Wunknown-warning-option]
/Users/huaweichang/Downloads/opencv-4.5.2/cmake-build-debug/CMakeFiles/CMakeTmp/src.c:1:8: warning: unknown pragma ignored [-Wunknown-pragmas]
#pragma
       ^
2 warnings generated.
Linking C executable cmTC_23f51
/Applications/CMake.app/Contents/bin/cmake -E cmake_link_script CMakeFiles/cmTC_23f51.dir/link.txt --verbose=1
/Applications/Xcode10.app/Contents/Developer/Toolchains/XcodeDefault.xctoolchain/usr/bin/cc    -fsigned-char -W -Wall -Werror=return-type -Werror=non-virtual-dtor -Werror=address -Werror=sequence-point -Wformat -Werror=format-security -Wstrict-prototypes -Winit-self -Wpointer-arith -Wsign-promo -Wuninitialized -Wno-delete-non-virtual-dtor -Wno-unnamed-type-template-args -Wno-comment -fdiagnostics-show-option -Wno-long-long -Qunused-arguments -Wno-semicolon-before-method-body -ffunction-sections -fdata-sections  -fvisibility=hidden -fvisibility-inlines-hidden -Wno-missing-prototypes -Wno-missing-declarations -Wno-undef -Wno-unused -Wno-sign-compare -Wno-cast-align -Wno-shadow -Wno-pointer-to-int-cast -Wno-int-to-pointer-cast  -g  -O0 -DDEBUG -D_DEBUG -Wl,-search_paths_first -Wl,-headerpad_max_install_names   -Wl,-dead_strip  CMakeFiles/cmTC_23f51.dir/src.c.o -o cmTC_23f51 


===== END =====

Build output check failed:
    Regex: 'unknown .*option'
    Output line: 'warning: unknown warning option '-Wno-implicit-const-int-float-conversion', did you mean '-Wno-bitfield-constant-conversion'? [-Wunknown-warning-option]'
Compilation failed:
    source file: '/Users/huaweichang/Downloads/opencv-4.5.2/cmake-build-debug/CMakeFiles/CMakeTmp/src.c'
    check option: ' -Wno-implicit-const-int-float-conversion'
===== BUILD LOG =====
Change Dir: /Users/huaweichang/Downloads/opencv-4.5.2/cmake-build-debug/CMakeFiles/CMakeTmp

Run Build Command(s):/usr/bin/make -f Makefile cmTC_97853/fast && /Applications/Xcode10.app/Contents/Developer/usr/bin/make  -f CMakeFiles/cmTC_97853.dir/build.make CMakeFiles/cmTC_97853.dir/build
Building C object CMakeFiles/cmTC_97853.dir/src.c.o
/Applications/Xcode10.app/Contents/Developer/Toolchains/XcodeDefault.xctoolchain/usr/bin/cc   -fsigned-char -W -Wall -Werror=return-type -Werror=non-virtual-dtor -Werror=address -Werror=sequence-point -Wformat -Werror=format-security -Wmissing-declarations -Wmissing-prototypes -Wstrict-prototypes -Wundef -Winit-self -Wpointer-arith -Wshadow -Wsign-promo -Wuninitialized -Wno-delete-non-virtual-dtor -Wno-unnamed-type-template-args -Wno-comment -fdiagnostics-show-option -Wno-long-long -Qunused-arguments -Wno-semicolon-before-method-body -ffunction-sections -fdata-sections  -fvisibility=hidden -fvisibility-inlines-hidden  -g  -O0 -DDEBUG -D_DEBUG -fPIE    -Wno-implicit-const-int-float-conversion -MD -MT CMakeFiles/cmTC_97853.dir/src.c.o -MF CMakeFiles/cmTC_97853.dir/src.c.o.d -o CMakeFiles/cmTC_97853.dir/src.c.o -c /Users/huaweichang/Downloads/opencv-4.5.2/cmake-build-debug/CMakeFiles/CMakeTmp/src.c
warning: unknown warning option '-Wno-implicit-const-int-float-conversion'; did you mean '-Wno-bitfield-constant-conversion'? [-Wunknown-warning-option]
/Users/huaweichang/Downloads/opencv-4.5.2/cmake-build-debug/CMakeFiles/CMakeTmp/src.c:1:8: warning: unknown pragma ignored [-Wunknown-pragmas]
#pragma
       ^
2 warnings generated.
Linking C executable cmTC_97853
/Applications/CMake.app/Contents/bin/cmake -E cmake_link_script CMakeFiles/cmTC_97853.dir/link.txt --verbose=1
/Applications/Xcode10.app/Contents/Developer/Toolchains/XcodeDefault.xctoolchain/usr/bin/cc    -fsigned-char -W -Wall -Werror=return-type -Werror=non-virtual-dtor -Werror=address -Werror=sequence-point -Wformat -Werror=format-security -Wmissing-declarations -Wmissing-prototypes -Wstrict-prototypes -Wundef -Winit-self -Wpointer-arith -Wshadow -Wsign-promo -Wuninitialized -Wno-delete-non-virtual-dtor -Wno-unnamed-type-template-args -Wno-comment -fdiagnostics-show-option -Wno-long-long -Qunused-arguments -Wno-semicolon-before-method-body -ffunction-sections -fdata-sections  -fvisibility=hidden -fvisibility-inlines-hidden  -g  -O0 -DDEBUG -D_DEBUG -Wl,-search_paths_first -Wl,-headerpad_max_install_names   -Wl,-dead_strip  CMakeFiles/cmTC_97853.dir/src.c.o -o cmTC_97853 


===== END =====

Determining if files malloc.h exist failed with the following output:
Change Dir: /Users/huaweichang/Downloads/opencv-4.5.2/cmake-build-debug/CMakeFiles/CMakeTmp

Run Build Command(s):/usr/bin/make -f Makefile cmTC_fae5c/fast && /Applications/Xcode10.app/Contents/Developer/usr/bin/make  -f CMakeFiles/cmTC_fae5c.dir/build.make CMakeFiles/cmTC_fae5c.dir/build
Building C object CMakeFiles/cmTC_fae5c.dir/OPJ_HAVE_MALLOC_H.c.o
/Applications/Xcode10.app/Contents/Developer/Toolchains/XcodeDefault.xctoolchain/usr/bin/cc   -fsigned-char -W -Wall -Werror=return-type -Werror=non-virtual-dtor -Werror=address -Werror=sequence-point -Wformat -Werror=format-security -Wmissing-declarations -Wmissing-prototypes -Wstrict-prototypes -Wundef -Winit-self -Wpointer-arith -Wshadow -Wsign-promo -Wuninitialized -Wno-delete-non-virtual-dtor -Wno-unnamed-type-template-args -Wno-comment -fdiagnostics-show-option -Wno-long-long -Qunused-arguments -Wno-semicolon-before-method-body -ffunction-sections -fdata-sections  -fvisibility=hidden -fvisibility-inlines-hidden  -g  -O0 -DDEBUG -D_DEBUG -fPIE -MD -MT CMakeFiles/cmTC_fae5c.dir/OPJ_HAVE_MALLOC_H.c.o -MF CMakeFiles/cmTC_fae5c.dir/OPJ_HAVE_MALLOC_H.c.o.d -o CMakeFiles/cmTC_fae5c.dir/OPJ_HAVE_MALLOC_H.c.o -c /Users/huaweichang/Downloads/opencv-4.5.2/cmake-build-debug/CMakeFiles/CheckIncludeFiles/OPJ_HAVE_MALLOC_H.c
/Users/huaweichang/Downloads/opencv-4.5.2/cmake-build-debug/CMakeFiles/CheckIncludeFiles/OPJ_HAVE_MALLOC_H.c:2:10: fatal error: 'malloc.h' file not found
#include <malloc.h>
         ^~~~~~~~~~
1 error generated.
make[1]: *** [CMakeFiles/cmTC_fae5c.dir/OPJ_HAVE_MALLOC_H.c.o] Error 1
make: *** [cmTC_fae5c/fast] Error 2


Source:
/* */
#include <malloc.h>


int main(void){return 0;}

Determining if the _aligned_malloc exist failed with the following output:
Change Dir: /Users/huaweichang/Downloads/opencv-4.5.2/cmake-build-debug/CMakeFiles/CMakeTmp

Run Build Command(s):/usr/bin/make -f Makefile cmTC_9f862/fast && /Applications/Xcode10.app/Contents/Developer/usr/bin/make  -f CMakeFiles/cmTC_9f862.dir/build.make CMakeFiles/cmTC_9f862.dir/build
Building C object CMakeFiles/cmTC_9f862.dir/CheckSymbolExists.c.o
/Applications/Xcode10.app/Contents/Developer/Toolchains/XcodeDefault.xctoolchain/usr/bin/cc   -fsigned-char -W -Wall -Werror=return-type -Werror=non-virtual-dtor -Werror=address -Werror=sequence-point -Wformat -Werror=format-security -Wmissing-declarations -Wmissing-prototypes -Wstrict-prototypes -Wundef -Winit-self -Wpointer-arith -Wshadow -Wsign-promo -Wuninitialized -Wno-delete-non-virtual-dtor -Wno-unnamed-type-template-args -Wno-comment -fdiagnostics-show-option -Wno-long-long -Qunused-arguments -Wno-semicolon-before-method-body -ffunction-sections -fdata-sections  -fvisibility=hidden -fvisibility-inlines-hidden  -g  -O0 -DDEBUG -D_DEBUG -fPIE -MD -MT CMakeFiles/cmTC_9f862.dir/CheckSymbolExists.c.o -MF CMakeFiles/cmTC_9f862.dir/CheckSymbolExists.c.o.d -o CMakeFiles/cmTC_9f862.dir/CheckSymbolExists.c.o -c /Users/huaweichang/Downloads/opencv-4.5.2/cmake-build-debug/CMakeFiles/CMakeTmp/CheckSymbolExists.c
/Users/huaweichang/Downloads/opencv-4.5.2/cmake-build-debug/CMakeFiles/CMakeTmp/CheckSymbolExists.c:2:10: fatal error: 'malloc.h' file not found
#include <malloc.h>
         ^~~~~~~~~~
1 error generated.
make[1]: *** [CMakeFiles/cmTC_9f862.dir/CheckSymbolExists.c.o] Error 1
make: *** [cmTC_9f862/fast] Error 2


File /Users/huaweichang/Downloads/opencv-4.5.2/cmake-build-debug/CMakeFiles/CMakeTmp/CheckSymbolExists.c:
/* */
#include <malloc.h>

int main(int argc, char** argv)
{
  (void)argv;
#ifndef _aligned_malloc
  return ((int*)(&_aligned_malloc))[argc];
#else
  (void)argc;
  return 0;
#endif
}
Determining if the memalign exist failed with the following output:
Change Dir: /Users/huaweichang/Downloads/opencv-4.5.2/cmake-build-debug/CMakeFiles/CMakeTmp

Run Build Command(s):/usr/bin/make -f Makefile cmTC_cba41/fast && /Applications/Xcode10.app/Contents/Developer/usr/bin/make  -f CMakeFiles/cmTC_cba41.dir/build.make CMakeFiles/cmTC_cba41.dir/build
Building C object CMakeFiles/cmTC_cba41.dir/CheckSymbolExists.c.o
/Applications/Xcode10.app/Contents/Developer/Toolchains/XcodeDefault.xctoolchain/usr/bin/cc   -fsigned-char -W -Wall -Werror=return-type -Werror=non-virtual-dtor -Werror=address -Werror=sequence-point -Wformat -Werror=format-security -Wmissing-declarations -Wmissing-prototypes -Wstrict-prototypes -Wundef -Winit-self -Wpointer-arith -Wshadow -Wsign-promo -Wuninitialized -Wno-delete-non-virtual-dtor -Wno-unnamed-type-template-args -Wno-comment -fdiagnostics-show-option -Wno-long-long -Qunused-arguments -Wno-semicolon-before-method-body -ffunction-sections -fdata-sections  -fvisibility=hidden -fvisibility-inlines-hidden  -g  -O0 -DDEBUG -D_DEBUG -fPIE -MD -MT CMakeFiles/cmTC_cba41.dir/CheckSymbolExists.c.o -MF CMakeFiles/cmTC_cba41.dir/CheckSymbolExists.c.o.d -o CMakeFiles/cmTC_cba41.dir/CheckSymbolExists.c.o -c /Users/huaweichang/Downloads/opencv-4.5.2/cmake-build-debug/CMakeFiles/CMakeTmp/CheckSymbolExists.c
/Users/huaweichang/Downloads/opencv-4.5.2/cmake-build-debug/CMakeFiles/CMakeTmp/CheckSymbolExists.c:2:10: fatal error: 'malloc.h' file not found
#include <malloc.h>
         ^~~~~~~~~~
1 error generated.
make[1]: *** [CMakeFiles/cmTC_cba41.dir/CheckSymbolExists.c.o] Error 1
make: *** [cmTC_cba41/fast] Error 2


File /Users/huaweichang/Downloads/opencv-4.5.2/cmake-build-debug/CMakeFiles/CMakeTmp/CheckSymbolExists.c:
/* */
#include <malloc.h>

int main(int argc, char** argv)
{
  (void)argv;
#ifndef memalign
  return ((int*)(&memalign))[argc];
#else
  (void)argc;
  return 0;
#endif
}
Build output check failed:
    Regex: 'unknown .*option'
    Output line: 'warning: unknown warning option '-Wno-cast-function-type', did you mean '-Wno-bad-function-cast'? [-Wunknown-warning-option]'
Compilation failed:
    source file: '/Users/huaweichang/Downloads/opencv-4.5.2/cmake-build-debug/CMakeFiles/CMakeTmp/src.c'
    check option: ' -Wno-cast-function-type'
===== BUILD LOG =====
Change Dir: /Users/huaweichang/Downloads/opencv-4.5.2/cmake-build-debug/CMakeFiles/CMakeTmp

Run Build Command(s):/usr/bin/make -f Makefile cmTC_9c390/fast && /Applications/Xcode10.app/Contents/Developer/usr/bin/make  -f CMakeFiles/cmTC_9c390.dir/build.make CMakeFiles/cmTC_9c390.dir/build
Building C object CMakeFiles/cmTC_9c390.dir/src.c.o
/Applications/Xcode10.app/Contents/Developer/Toolchains/XcodeDefault.xctoolchain/usr/bin/cc   -fsigned-char -W -Wall -Werror=return-type -Werror=non-virtual-dtor -Werror=address -Werror=sequence-point -Wformat -Werror=format-security -Wmissing-declarations -Wmissing-prototypes -Winit-self -Wpointer-arith -Wshadow -Wsign-promo -Wuninitialized -Wno-delete-non-virtual-dtor -Wno-unnamed-type-template-args -Wno-comment -fdiagnostics-show-option -Wno-long-long -Qunused-arguments -Wno-semicolon-before-method-body -ffunction-sections -fdata-sections  -fvisibility=hidden -fvisibility-inlines-hidden -Wno-undef -Wno-strict-prototypes  -g  -O0 -DDEBUG -D_DEBUG -fPIE    -Wno-cast-function-type -MD -MT CMakeFiles/cmTC_9c390.dir/src.c.o -MF CMakeFiles/cmTC_9c390.dir/src.c.o.d -o CMakeFiles/cmTC_9c390.dir/src.c.o -c /Users/huaweichang/Downloads/opencv-4.5.2/cmake-build-debug/CMakeFiles/CMakeTmp/src.c
warning: unknown warning option '-Wno-cast-function-type'; did you mean '-Wno-bad-function-cast'? [-Wunknown-warning-option]
/Users/huaweichang/Downloads/opencv-4.5.2/cmake-build-debug/CMakeFiles/CMakeTmp/src.c:1:8: warning: unknown pragma ignored [-Wunknown-pragmas]
#pragma
       ^
2 warnings generated.
Linking C executable cmTC_9c390
/Applications/CMake.app/Contents/bin/cmake -E cmake_link_script CMakeFiles/cmTC_9c390.dir/link.txt --verbose=1
/Applications/Xcode10.app/Contents/Developer/Toolchains/XcodeDefault.xctoolchain/usr/bin/cc    -fsigned-char -W -Wall -Werror=return-type -Werror=non-virtual-dtor -Werror=address -Werror=sequence-point -Wformat -Werror=format-security -Wmissing-declarations -Wmissing-prototypes -Winit-self -Wpointer-arith -Wshadow -Wsign-promo -Wuninitialized -Wno-delete-non-virtual-dtor -Wno-unnamed-type-template-args -Wno-comment -fdiagnostics-show-option -Wno-long-long -Qunused-arguments -Wno-semicolon-before-method-body -ffunction-sections -fdata-sections  -fvisibility=hidden -fvisibility-inlines-hidden -Wno-undef -Wno-strict-prototypes  -g  -O0 -DDEBUG -D_DEBUG -Wl,-search_paths_first -Wl,-headerpad_max_install_names   -Wl,-dead_strip  CMakeFiles/cmTC_9c390.dir/src.c.o -o cmTC_9c390 


===== END =====

Build output check failed:
    Regex: 'unknown .*option'
    Output line: 'warning: unknown warning option '-Wno-misleading-indentation', did you mean '-Wno-binding-in-condition'? [-Wunknown-warning-option]'
Compilation failed:
    source file: '/Users/huaweichang/Downloads/opencv-4.5.2/cmake-build-debug/CMakeFiles/CMakeTmp/src.cxx'
    check option: ' -Wno-misleading-indentation'
===== BUILD LOG =====
Change Dir: /Users/huaweichang/Downloads/opencv-4.5.2/cmake-build-debug/CMakeFiles/CMakeTmp

Run Build Command(s):/usr/bin/make -f Makefile cmTC_70042/fast && /Applications/Xcode10.app/Contents/Developer/usr/bin/make  -f CMakeFiles/cmTC_70042.dir/build.make CMakeFiles/cmTC_70042.dir/build
Building CXX object CMakeFiles/cmTC_70042.dir/src.cxx.o
/Applications/Xcode10.app/Contents/Developer/Toolchains/XcodeDefault.xctoolchain/usr/bin/c++   -fsigned-char -W -Wall -Werror=return-type -Werror=non-virtual-dtor -Werror=address -Werror=sequence-point -Wformat -Werror=format-security -Wmissing-prototypes -Wstrict-prototypes -Winit-self -Wpointer-arith -Wsign-promo -Wno-delete-non-virtual-dtor -Wno-unnamed-type-template-args -Wno-comment -fdiagnostics-show-option -Wno-long-long -Qunused-arguments -Wno-semicolon-before-method-body -ffunction-sections -fdata-sections  -fvisibility=hidden -fvisibility-inlines-hidden -Wno-shadow -Wno-unused -Wno-sign-compare -Wno-undef -Wno-missing-declarations -Wno-uninitialized -Wno-switch -Wno-parentheses -Wno-array-bounds -Wno-extra -Wno-deprecated-declarations  -g  -O0 -DDEBUG -D_DEBUG -fPIE    -Wno-misleading-indentation -std=c++11 -MD -MT CMakeFiles/cmTC_70042.dir/src.cxx.o -MF CMakeFiles/cmTC_70042.dir/src.cxx.o.d -o CMakeFiles/cmTC_70042.dir/src.cxx.o -c /Users/huaweichang/Downloads/opencv-4.5.2/cmake-build-debug/CMakeFiles/CMakeTmp/src.cxx
warning: unknown warning option '-Wno-misleading-indentation'; did you mean '-Wno-binding-in-condition'? [-Wunknown-warning-option]
/Users/huaweichang/Downloads/opencv-4.5.2/cmake-build-debug/CMakeFiles/CMakeTmp/src.cxx:1:8: warning: unknown pragma ignored [-Wunknown-pragmas]
#pragma
       ^
2 warnings generated.
Linking CXX executable cmTC_70042
/Applications/CMake.app/Contents/bin/cmake -E cmake_link_script CMakeFiles/cmTC_70042.dir/link.txt --verbose=1
/Applications/Xcode10.app/Contents/Developer/Toolchains/XcodeDefault.xctoolchain/usr/bin/c++    -fsigned-char -W -Wall -Werror=return-type -Werror=non-virtual-dtor -Werror=address -Werror=sequence-point -Wformat -Werror=format-security -Wmissing-prototypes -Wstrict-prototypes -Winit-self -Wpointer-arith -Wsign-promo -Wno-delete-non-virtual-dtor -Wno-unnamed-type-template-args -Wno-comment -fdiagnostics-show-option -Wno-long-long -Qunused-arguments -Wno-semicolon-before-method-body -ffunction-sections -fdata-sections  -fvisibility=hidden -fvisibility-inlines-hidden -Wno-shadow -Wno-unused -Wno-sign-compare -Wno-undef -Wno-missing-declarations -Wno-uninitialized -Wno-switch -Wno-parentheses -Wno-array-bounds -Wno-extra -Wno-deprecated-declarations  -g  -O0 -DDEBUG -D_DEBUG -Wl,-search_paths_first -Wl,-headerpad_max_install_names   -Wl,-dead_strip  CMakeFiles/cmTC_70042.dir/src.cxx.o -o cmTC_70042 


===== END =====

Build output check failed:
    Regex: 'unknown .*option'
    Output line: 'warning: unknown warning option '-Wno-suggest-override', did you mean '-Wno-shift-overflow'? [-Wunknown-warning-option]'
Compilation failed:
    source file: '/Users/huaweichang/Downloads/opencv-4.5.2/cmake-build-debug/CMakeFiles/CMakeTmp/src.cxx'
    check option: ' -Wno-suggest-override'
===== BUILD LOG =====
Change Dir: /Users/huaweichang/Downloads/opencv-4.5.2/cmake-build-debug/CMakeFiles/CMakeTmp

Run Build Command(s):/usr/bin/make -f Makefile cmTC_8601d/fast && /Applications/Xcode10.app/Contents/Developer/usr/bin/make  -f CMakeFiles/cmTC_8601d.dir/build.make CMakeFiles/cmTC_8601d.dir/build
Building CXX object CMakeFiles/cmTC_8601d.dir/src.cxx.o
/Applications/Xcode10.app/Contents/Developer/Toolchains/XcodeDefault.xctoolchain/usr/bin/c++   -fsigned-char -W -Wall -Werror=return-type -Werror=non-virtual-dtor -Werror=address -Werror=sequence-point -Wformat -Werror=format-security -Wmissing-prototypes -Wstrict-prototypes -Winit-self -Wpointer-arith -Wsign-promo -Wno-delete-non-virtual-dtor -Wno-unnamed-type-template-args -Wno-comment -fdiagnostics-show-option -Wno-long-long -Qunused-arguments -Wno-semicolon-before-method-body -ffunction-sections -fdata-sections  -fvisibility=hidden -fvisibility-inlines-hidden -Wno-shadow -Wno-unused -Wno-sign-compare -Wno-undef -Wno-missing-declarations -Wno-uninitialized -Wno-switch -Wno-parentheses -Wno-array-bounds -Wno-extra -Wno-deprecated-declarations -Wno-deprecated  -g  -O0 -DDEBUG -D_DEBUG -fPIE    -Wno-suggest-override -std=c++11 -MD -MT CMakeFiles/cmTC_8601d.dir/src.cxx.o -MF CMakeFiles/cmTC_8601d.dir/src.cxx.o.d -o CMakeFiles/cmTC_8601d.dir/src.cxx.o -c /Users/huaweichang/Downloads/opencv-4.5.2/cmake-build-debug/CMakeFiles/CMakeTmp/src.cxx
warning: unknown warning option '-Wno-suggest-override'; did you mean '-Wno-shift-overflow'? [-Wunknown-warning-option]
/Users/huaweichang/Downloads/opencv-4.5.2/cmake-build-debug/CMakeFiles/CMakeTmp/src.cxx:1:8: warning: unknown pragma ignored [-Wunknown-pragmas]
#pragma
       ^
2 warnings generated.
Linking CXX executable cmTC_8601d
/Applications/CMake.app/Contents/bin/cmake -E cmake_link_script CMakeFiles/cmTC_8601d.dir/link.txt --verbose=1
/Applications/Xcode10.app/Contents/Developer/Toolchains/XcodeDefault.xctoolchain/usr/bin/c++    -fsigned-char -W -Wall -Werror=return-type -Werror=non-virtual-dtor -Werror=address -Werror=sequence-point -Wformat -Werror=format-security -Wmissing-prototypes -Wstrict-prototypes -Winit-self -Wpointer-arith -Wsign-promo -Wno-delete-non-virtual-dtor -Wno-unnamed-type-template-args -Wno-comment -fdiagnostics-show-option -Wno-long-long -Qunused-arguments -Wno-semicolon-before-method-body -ffunction-sections -fdata-sections  -fvisibility=hidden -fvisibility-inlines-hidden -Wno-shadow -Wno-unused -Wno-sign-compare -Wno-undef -Wno-missing-declarations -Wno-uninitialized -Wno-switch -Wno-parentheses -Wno-array-bounds -Wno-extra -Wno-deprecated-declarations -Wno-deprecated  -g  -O0 -DDEBUG -D_DEBUG -Wl,-search_paths_first -Wl,-headerpad_max_install_names   -Wl,-dead_strip  CMakeFiles/cmTC_8601d.dir/src.cxx.o -o cmTC_8601d 


===== END =====

Build output check failed:
    Regex: 'unknown .*option'
    Output line: 'warning: unknown warning option '-Wno-implicit-const-int-float-conversion', did you mean '-Wno-bitfield-constant-conversion'? [-Wunknown-warning-option]'
Compilation failed:
    source file: '/Users/huaweichang/Downloads/opencv-4.5.2/cmake-build-debug/CMakeFiles/CMakeTmp/src.cxx'
    check option: ' -Wno-implicit-const-int-float-conversion'
===== BUILD LOG =====
Change Dir: /Users/huaweichang/Downloads/opencv-4.5.2/cmake-build-debug/CMakeFiles/CMakeTmp

Run Build Command(s):/usr/bin/make -f Makefile cmTC_7e4f1/fast && /Applications/Xcode10.app/Contents/Developer/usr/bin/make  -f CMakeFiles/cmTC_7e4f1.dir/build.make CMakeFiles/cmTC_7e4f1.dir/build
Building CXX object CMakeFiles/cmTC_7e4f1.dir/src.cxx.o
/Applications/Xcode10.app/Contents/Developer/Toolchains/XcodeDefault.xctoolchain/usr/bin/c++   -fsigned-char -W -Wall -Werror=return-type -Werror=non-virtual-dtor -Werror=address -Werror=sequence-point -Wformat -Werror=format-security -Wstrict-prototypes -Winit-self -Wpointer-arith -Wsign-promo -Wno-delete-non-virtual-dtor -Wno-unnamed-type-template-args -Wno-comment -fdiagnostics-show-option -Wno-long-long -Qunused-arguments -Wno-semicolon-before-method-body -ffunction-sections -fdata-sections  -fvisibility=hidden -fvisibility-inlines-hidden -Wno-shadow -Wno-unused -Wno-sign-compare -Wno-undef -Wno-missing-declarations -Wno-uninitialized -Wno-switch -Wno-parentheses -Wno-array-bounds -Wno-extra -Wno-deprecated-declarations -Wno-deprecated -Wno-inconsistent-missing-override -Wno-implicit-fallthrough -Wno-tautological-compare -Wno-missing-prototypes -Wno-reorder -Wno-unused-result  -g  -O0 -DDEBUG -D_DEBUG -fPIE    -Wno-implicit-const-int-float-conversion -std=c++11 -MD -MT CMakeFiles/cmTC_7e4f1.dir/src.cxx.o -MF CMakeFiles/cmTC_7e4f1.dir/src.cxx.o.d -o CMakeFiles/cmTC_7e4f1.dir/src.cxx.o -c /Users/huaweichang/Downloads/opencv-4.5.2/cmake-build-debug/CMakeFiles/CMakeTmp/src.cxx
warning: unknown warning option '-Wno-implicit-const-int-float-conversion'; did you mean '-Wno-bitfield-constant-conversion'? [-Wunknown-warning-option]
/Users/huaweichang/Downloads/opencv-4.5.2/cmake-build-debug/CMakeFiles/CMakeTmp/src.cxx:1:8: warning: unknown pragma ignored [-Wunknown-pragmas]
#pragma
       ^
2 warnings generated.
Linking CXX executable cmTC_7e4f1
/Applications/CMake.app/Contents/bin/cmake -E cmake_link_script CMakeFiles/cmTC_7e4f1.dir/link.txt --verbose=1
/Applications/Xcode10.app/Contents/Developer/Toolchains/XcodeDefault.xctoolchain/usr/bin/c++    -fsigned-char -W -Wall -Werror=return-type -Werror=non-virtual-dtor -Werror=address -Werror=sequence-point -Wformat -Werror=format-security -Wstrict-prototypes -Winit-self -Wpointer-arith -Wsign-promo -Wno-delete-non-virtual-dtor -Wno-unnamed-type-template-args -Wno-comment -fdiagnostics-show-option -Wno-long-long -Qunused-arguments -Wno-semicolon-before-method-body -ffunction-sections -fdata-sections  -fvisibility=hidden -fvisibility-inlines-hidden -Wno-shadow -Wno-unused -Wno-sign-compare -Wno-undef -Wno-missing-declarations -Wno-uninitialized -Wno-switch -Wno-parentheses -Wno-array-bounds -Wno-extra -Wno-deprecated-declarations -Wno-deprecated -Wno-inconsistent-missing-override -Wno-implicit-fallthrough -Wno-tautological-compare -Wno-missing-prototypes -Wno-reorder -Wno-unused-result  -g  -O0 -DDEBUG -D_DEBUG -Wl,-search_paths_first -Wl,-headerpad_max_install_names   -Wl,-dead_strip  CMakeFiles/cmTC_7e4f1.dir/src.cxx.o -o cmTC_7e4f1 


===== END =====

Determining if the function sgemm_ exists failed with the following output:
Change Dir: /Users/huaweichang/Downloads/opencv-4.5.2/cmake-build-debug/CMakeFiles/CMakeTmp

Run Build Command(s):/usr/bin/make -f Makefile cmTC_e350b/fast && /Applications/Xcode10.app/Contents/Developer/usr/bin/make  -f CMakeFiles/cmTC_e350b.dir/build.make CMakeFiles/cmTC_e350b.dir/build
Building C object CMakeFiles/cmTC_e350b.dir/CheckFunctionExists.c.o
/Applications/Xcode10.app/Contents/Developer/Toolchains/XcodeDefault.xctoolchain/usr/bin/cc   -fsigned-char -W -Wall -Werror=return-type -Werror=non-virtual-dtor -Werror=address -Werror=sequence-point -Wformat -Werror=format-security -Wmissing-declarations -Wmissing-prototypes -Wstrict-prototypes -Wundef -Winit-self -Wpointer-arith -Wshadow -Wsign-promo -Wuninitialized -Wno-delete-non-virtual-dtor -Wno-unnamed-type-template-args -Wno-comment -fdiagnostics-show-option -Wno-long-long -Qunused-arguments -Wno-semicolon-before-method-body -ffunction-sections -fdata-sections  -fvisibility=hidden -fvisibility-inlines-hidden -DCHECK_FUNCTION_EXISTS=sgemm_ -g  -O0 -DDEBUG -D_DEBUG -fPIE -MD -MT CMakeFiles/cmTC_e350b.dir/CheckFunctionExists.c.o -MF CMakeFiles/cmTC_e350b.dir/CheckFunctionExists.c.o.d -o CMakeFiles/cmTC_e350b.dir/CheckFunctionExists.c.o -c /Applications/CMake.app/Contents/share/cmake-3.20/Modules/CheckFunctionExists.c
Linking C executable cmTC_e350b
/Applications/CMake.app/Contents/bin/cmake -E cmake_link_script CMakeFiles/cmTC_e350b.dir/link.txt --verbose=1
/Applications/Xcode10.app/Contents/Developer/Toolchains/XcodeDefault.xctoolchain/usr/bin/cc    -fsigned-char -W -Wall -Werror=return-type -Werror=non-virtual-dtor -Werror=address -Werror=sequence-point -Wformat -Werror=format-security -Wmissing-declarations -Wmissing-prototypes -Wstrict-prototypes -Wundef -Winit-self -Wpointer-arith -Wshadow -Wsign-promo -Wuninitialized -Wno-delete-non-virtual-dtor -Wno-unnamed-type-template-args -Wno-comment -fdiagnostics-show-option -Wno-long-long -Qunused-arguments -Wno-semicolon-before-method-body -ffunction-sections -fdata-sections  -fvisibility=hidden -fvisibility-inlines-hidden -DCHECK_FUNCTION_EXISTS=sgemm_ -g  -O0 -DDEBUG -D_DEBUG -Wl,-search_paths_first -Wl,-headerpad_max_install_names   -Wl,-dead_strip  CMakeFiles/cmTC_e350b.dir/CheckFunctionExists.c.o -o cmTC_e350b 
Undefined symbols for architecture x86_64:
  "_sgemm_", referenced from:
      _main in CheckFunctionExists.c.o
ld: symbol(s) not found for architecture x86_64
clang: error: linker command failed with exit code 1 (use -v to see invocation)
make[1]: *** [cmTC_e350b] Error 1
make: *** [cmTC_e350b/fast] Error 2



Build output check failed:
    Regex: 'unknown .*option'
    Output line: 'warning: unknown warning option '-Wno-enum-compare-switch', did you mean '-Wno-enum-compare'? [-Wunknown-warning-option]'
Compilation failed:
    source file: '/Users/huaweichang/Downloads/opencv-4.5.2/cmake-build-debug/CMakeFiles/CMakeTmp/src.cxx'
    check option: ' -Wno-enum-compare-switch'
===== BUILD LOG =====
Change Dir: /Users/huaweichang/Downloads/opencv-4.5.2/cmake-build-debug/CMakeFiles/CMakeTmp

Run Build Command(s):/usr/bin/make -f Makefile cmTC_68777/fast && /Applications/Xcode10.app/Contents/Developer/usr/bin/make  -f CMakeFiles/cmTC_68777.dir/build.make CMakeFiles/cmTC_68777.dir/build
Building CXX object CMakeFiles/cmTC_68777.dir/src.cxx.o
/Applications/Xcode10.app/Contents/Developer/Toolchains/XcodeDefault.xctoolchain/usr/bin/c++   -fsigned-char -W -Wall -Werror=return-type -Werror=non-virtual-dtor -Werror=address -Werror=sequence-point -Wformat -Werror=format-security -Wstrict-prototypes -Winit-self -Wpointer-arith -Wuninitialized -Wno-delete-non-virtual-dtor -Wno-unnamed-type-template-args -Wno-comment -fdiagnostics-show-option -Wno-long-long -Qunused-arguments -Wno-semicolon-before-method-body -ffunction-sections -fdata-sections  -fvisibility=hidden -fvisibility-inlines-hidden -Wno-deprecated -Wno-missing-prototypes -Wno-missing-declarations -Wno-shadow -Wno-unused-parameter -Wno-unused-local-typedefs -Wno-sign-compare -Wno-sign-promo -Wno-undef -Wno-tautological-undefined-compare -Wno-ignored-qualifiers -Wno-extra -Wno-unused-function -Wno-unused-const-variable -Wno-shorten-64-to-32 -Wno-invalid-offsetof  -g  -O0 -DDEBUG -D_DEBUG -fPIE    -Wno-enum-compare-switch -std=c++11 -MD -MT CMakeFiles/cmTC_68777.dir/src.cxx.o -MF CMakeFiles/cmTC_68777.dir/src.cxx.o.d -o CMakeFiles/cmTC_68777.dir/src.cxx.o -c /Users/huaweichang/Downloads/opencv-4.5.2/cmake-build-debug/CMakeFiles/CMakeTmp/src.cxx
warning: unknown warning option '-Wno-enum-compare-switch'; did you mean '-Wno-enum-compare'? [-Wunknown-warning-option]
/Users/huaweichang/Downloads/opencv-4.5.2/cmake-build-debug/CMakeFiles/CMakeTmp/src.cxx:1:8: warning: unknown pragma ignored [-Wunknown-pragmas]
#pragma
       ^
2 warnings generated.
Linking CXX executable cmTC_68777
/Applications/CMake.app/Contents/bin/cmake -E cmake_link_script CMakeFiles/cmTC_68777.dir/link.txt --verbose=1
/Applications/Xcode10.app/Contents/Developer/Toolchains/XcodeDefault.xctoolchain/usr/bin/c++    -fsigned-char -W -Wall -Werror=return-type -Werror=non-virtual-dtor -Werror=address -Werror=sequence-point -Wformat -Werror=format-security -Wstrict-prototypes -Winit-self -Wpointer-arith -Wuninitialized -Wno-delete-non-virtual-dtor -Wno-unnamed-type-template-args -Wno-comment -fdiagnostics-show-option -Wno-long-long -Qunused-arguments -Wno-semicolon-before-method-body -ffunction-sections -fdata-sections  -fvisibility=hidden -fvisibility-inlines-hidden -Wno-deprecated -Wno-missing-prototypes -Wno-missing-declarations -Wno-shadow -Wno-unused-parameter -Wno-unused-local-typedefs -Wno-sign-compare -Wno-sign-promo -Wno-undef -Wno-tautological-undefined-compare -Wno-ignored-qualifiers -Wno-extra -Wno-unused-function -Wno-unused-const-variable -Wno-shorten-64-to-32 -Wno-invalid-offsetof  -g  -O0 -DDEBUG -D_DEBUG -Wl,-search_paths_first -Wl,-headerpad_max_install_names   -Wl,-dead_strip  CMakeFiles/cmTC_68777.dir/src.cxx.o -o cmTC_68777 


===== END =====

